This is pdfTeX, Version 3.14159265-2.6-1.40.17 (MiKTeX 2.9 64-bit) (preloaded format=pdflatex 2019.3.15)  15 MAR 2019 13:47
entering extended mode
**./example1.tex
(example1.tex
LaTeX2e <2016/03/31> patch level 3
Babel <3.9r> and hyphenation patterns for 75 language(s) loaded.
("C:\Program Files\MiKTeX 2.9\tex\latex\base\article.cls"
Document Class: article 2014/09/29 v1.4h Standard LaTeX document class
("C:\Program Files\MiKTeX 2.9\tex\latex\base\size10.clo"
File: size10.clo 2014/09/29 v1.4h Standard LaTeX file (size option)
)
\c@part=\count79
\c@section=\count80
\c@subsection=\count81
\c@subsubsection=\count82
\c@paragraph=\count83
\c@subparagraph=\count84
\c@figure=\count85
\c@table=\count86
\abovecaptionskip=\skip41
\belowcaptionskip=\skip42
\bibindent=\dimen102
) (stata.sty
Package: stata 2013/10/23 v1.34 LaTeX package for Stata code

("C:\Program Files\MiKTeX 2.9\tex\latex\base\alltt.sty"
Package: alltt 1997/06/16 v2.0g defines alltt environment
)
("C:\Program Files\MiKTeX 2.9\tex\latex\tools\calc.sty"
Package: calc 2014/10/28 v4.3 Infix arithmetic (KKT,FJ)
\calc@Acount=\count87
\calc@Bcount=\count88
\calc@Adimen=\dimen103
\calc@Bdimen=\dimen104
\calc@Askip=\skip43
\calc@Bskip=\skip44
LaTeX Info: Redefining \setlength on input line 80.
LaTeX Info: Redefining \addtolength on input line 81.
\calc@Ccount=\count89
\calc@Cskip=\skip45
)
("C:\Program Files\MiKTeX 2.9\tex\latex\base\ifthen.sty"
Package: ifthen 2014/09/29 v1.1c Standard LaTeX ifthen package (DPC)
)
\st@box=\box26
\st@box@wd=\dimen105
\st@box@ht=\dimen106
\st@box@dp=\dimen107
\stsyndent=\skip46
\streswidth=\skip47
\st@parindent=\skip48
\stexamplehskip=\skip49
\sttechhskip=\skip50
\st@ttbox@box=\box27
\st@ttbox@framesep=\dimen108
\ttboxIndent=\dimen109
\ttboxWd=\dimen110
\st@ttbox@boxwd=\dimen111
\st@box=\box28
\st@emptywidth=\skip51
\st@linesize=\skip52
\st@maxdepth=\skip53
\st@maxheight=\skip54
\st@mbdepth=\skip55
\st@mtdepth=\skip56
\st@xheight=\skip57
\st@xwidth=\skip58
\st@N=\count90
)
No file example1.aux.
\openout1 = `example1.aux'.

LaTeX Font Info:    Checking defaults for OML/cmm/m/it on input line 3.
LaTeX Font Info:    ... okay on input line 3.
LaTeX Font Info:    Checking defaults for T1/cmr/m/n on input line 3.
LaTeX Font Info:    ... okay on input line 3.
LaTeX Font Info:    Checking defaults for OT1/cmr/m/n on input line 3.
LaTeX Font Info:    ... okay on input line 3.
LaTeX Font Info:    Checking defaults for OMS/cmsy/m/n on input line 3.
LaTeX Font Info:    ... okay on input line 3.
LaTeX Font Info:    Checking defaults for OMX/cmex/m/n on input line 3.
LaTeX Font Info:    ... okay on input line 3.
LaTeX Font Info:    Checking defaults for U/cmr/m/n on input line 3.
LaTeX Font Info:    ... okay on input line 3.
(example1_1.log.tex) (example1_2.log.tex
Overfull \hbox (11.50479pt too wide) in paragraph at lines 3--3
 []      \OT1/cmtt/m/n/8 Source  |       SS           df       MS      Number o
f obs   =        74[] 
 []


Overfull \hbox (11.50479pt too wide) in paragraph at lines 4--4
 []||||||||||||| [] |||||||||||||||||||||||||||||||||||   \OT1/cmtt/m/n/8 F(2, 
71)        =     14.74[] 
 []


Overfull \hbox (11.50479pt too wide) in paragraph at lines 5--5
 []       \OT1/cmtt/m/n/8 Model  |   186321280         2  93160639.9   Prob > F
        =    0.0000[] 
 []


Overfull \hbox (11.50479pt too wide) in paragraph at lines 6--6
 []    \OT1/cmtt/m/n/8 Residual  |   448744116        71  6320339.67   R-square
d       =    0.2934[] 
 []


Overfull \hbox (11.50479pt too wide) in paragraph at lines 7--7
 []||||||||||||| [] |||||||||||||||||||||||||||||||||||   \OT1/cmtt/m/n/8 Adj R
-squared   =    0.2735[] 
 []


Overfull \hbox (11.50479pt too wide) in paragraph at lines 8--8
 []       \OT1/cmtt/m/n/8 Total  |   635065396        73  8699525.97   Root MSE
        =      2514[] 
 []


Overfull \hbox (11.50479pt too wide) in paragraph at lines 10--10
 []||||||||||||| [] |||||||||||||||||||||||||||||||||||||||||||||||||||||||||||
||||||[] 
 []


Overfull \hbox (11.50479pt too wide) in paragraph at lines 11--11
 []       \OT1/cmtt/m/n/8 price  |      Coef.   Std. Err.      t    P>|t|     [
95% Conf. Interval][] 
 []


Overfull \hbox (11.50479pt too wide) in paragraph at lines 12--12
 []||||||||||||| [] |||||||||||||||||||||||||||||||||||||||||||||||||||||||||||
||||||[] 
 []


Overfull \hbox (11.50479pt too wide) in paragraph at lines 13--13
 []         \OT1/cmtt/m/n/8 mpg  |  -49.51222   86.15604    -0.57   0.567    -2
21.3025     122.278[] 
 []


Overfull \hbox (11.50479pt too wide) in paragraph at lines 14--14
 []      \OT1/cmtt/m/n/8 weight  |   1.746559   .6413538     2.72   0.008      
.467736    3.025382[] 
 []


Overfull \hbox (11.50479pt too wide) in paragraph at lines 15--15
 []       \OT1/cmtt/m/n/8 _cons  |   1946.069    3597.05     0.54   0.590    -5
226.245    9118.382[] 
 []


Overfull \hbox (11.50479pt too wide) in paragraph at lines 16--16
 []||||||||||||| [] |||||||||||||||||||||||||||||||||||||||||||||||||||||||||||
||||||[] 
 []

) [1

{C:/ProgramData/MiKTeX/2.9/pdftex/config/pdftex.map}] (example1.aux) ) 
Here is how much of TeX's memory you used:
 592 strings out of 493334
 5859 string characters out of 3139249
 71725 words of memory out of 3000000
 4184 multiletter control sequences out of 15000+200000
 5719 words of font info for 20 fonts, out of 3000000 for 9000
 1141 hyphenation exceptions out of 8191
 23i,4n,18p,154b,257s stack positions out of 5000i,500n,10000p,200000b,50000s
<C:/Progr
am Files/MiKTeX 2.9/fonts/type1/public/amsfonts/cm/cmbx12.pfb><C:/Program Files
/MiKTeX 2.9/fonts/type1/public/amsfonts/cm/cmr10.pfb><C:/Program Files/MiKTeX 2
.9/fonts/type1/public/amsfonts/cm/cmtt8.pfb>
Output written on example1.pdf (1 page, 42329 bytes).
PDF statistics:
 18 PDF objects out of 1000 (max. 8388607)
 0 named destinations out of 1000 (max. 500000)
 1 words of extra memory for PDF output out of 10000 (max. 10000000)

