This is pdfTeX, Version 3.14159265-2.6-1.40.19 (TeX Live 2018) (preloaded format=pdflatex 2018.4.16)  16 MAR 2019 13:09
entering extended mode
 restricted \write18 enabled.
 %&-line parsing enabled.
**listings-stata.tex
(./listings-stata.tex
LaTeX2e <2018-04-01> patch level 2
Babel <3.18> and hyphenation patterns for 84 language(s) loaded.

! LaTeX Error: \usepackage before \documentclass.

See the LaTeX manual or LaTeX Companion for explanation.
Type  H <return>  for immediate help.
 ...                                              
                                                  
l.12 \usepackage{
                 listings}
\usepackage may only appear in the document preamble, i.e.,
between \documentclass and \begin{document}.


! LaTeX Error: \usepackage before \documentclass.

See the LaTeX manual or LaTeX Companion for explanation.
Type  H <return>  for immediate help.
 ...                                              
                                                  
l.13 \usepackage{
                 color}
\usepackage may only appear in the document preamble, i.e.,
between \documentclass and \begin{document}.


! LaTeX Error: \usepackage before \documentclass.

See the LaTeX manual or LaTeX Companion for explanation.
Type  H <return>  for immediate help.
 ...                                              
                                                  
l.14 \usepackage{
                 xcolor}
\usepackage may only appear in the document preamble, i.e.,
between \documentclass and \begin{document}.

! Undefined control sequence.
l.15 \definecolor
                 {spRed}{HTML}{BE646C}
The control sequence at the end of the top line
of your error message was never \def'ed. If you have
misspelled it (e.g., `\hobx'), type `I' and the correct
spelling (e.g., `I\hbox'). Otherwise just continue,
and I'll forget about whatever was undefined.


! LaTeX Error: Missing \begin{document}.

See the LaTeX manual or LaTeX Companion for explanation.
Type  H <return>  for immediate help.
 ...                                              
                                                  
l.15 \definecolor{s
                   pRed}{HTML}{BE646C}
You're in trouble here.  Try typing  <return>  to proceed.
If that doesn't work, type  X <return>  to quit.

Missing character: There is no s in font nullfont!
Missing character: There is no p in font nullfont!
Missing character: There is no R in font nullfont!
Missing character: There is no e in font nullfont!
Missing character: There is no d in font nullfont!
Missing character: There is no H in font nullfont!
Missing character: There is no T in font nullfont!
Missing character: There is no M in font nullfont!
Missing character: There is no L in font nullfont!
Missing character: There is no B in font nullfont!
Missing character: There is no E in font nullfont!
Missing character: There is no 6 in font nullfont!
Missing character: There is no 4 in font nullfont!
Missing character: There is no 6 in font nullfont!
Missing character: There is no C in font nullfont!

Overfull \hbox (20.0pt too wide) in paragraph at lines 15--16
[] 
 []

! Undefined control sequence.
l.20 \lstdefinelanguage
                       {stata}{
The control sequence at the end of the top line
of your error message was never \def'ed. If you have
misspelled it (e.g., `\hobx'), type `I' and the correct
spelling (e.g., `I\hbox'). Otherwise just continue,
and I'll forget about whatever was undefined.


! LaTeX Error: Missing \begin{document}.

See the LaTeX manual or LaTeX Companion for explanation.
Type  H <return>  for immediate help.
 ...                                              
                                                  
l.20 \lstdefinelanguage{s
                         tata}{
You're in trouble here.  Try typing  <return>  to proceed.
If that doesn't work, type  X <return>  to quit.

Missing character: There is no s in font nullfont!
Missing character: There is no t in font nullfont!
Missing character: There is no a in font nullfont!
Missing character: There is no t in font nullfont!
Missing character: There is no a in font nullfont!
Missing character: There is no s in font nullfont!
Missing character: There is no e in font nullfont!
Missing character: There is no n in font nullfont!
Missing character: There is no s in font nullfont!
Missing character: There is no i in font nullfont!
Missing character: There is no t in font nullfont!
Missing character: There is no i in font nullfont!
Missing character: There is no v in font nullfont!
Missing character: There is no e in font nullfont!
Missing character: There is no = in font nullfont!
Missing character: There is no t in font nullfont!
Missing character: There is no r in font nullfont!
Missing character: There is no u in font nullfont!
Missing character: There is no e in font nullfont!
Missing character: There is no , in font nullfont!
Missing character: There is no a in font nullfont!
Missing character: There is no l in font nullfont!
Missing character: There is no s in font nullfont!
Missing character: There is no o in font nullfont!
Missing character: There is no l in font nullfont!
Missing character: There is no e in font nullfont!
Missing character: There is no t in font nullfont!
Missing character: There is no t in font nullfont!
Missing character: There is no e in font nullfont!
Missing character: There is no r in font nullfont!
Missing character: There is no = in font nullfont!
LaTeX Font Info:    Try loading font information for OMS+cmr on input line 24.
(/usr/local/texlive/2018/texmf-dist/tex/latex/base/omscmr.fd
File: omscmr.fd 2014/09/29 v2.5h Standard LaTeX font definitions
)
LaTeX Font Info:    Font shape `OMS/cmr/m/n' in size <10> not available
(Font)              Font shape `OMS/cmsy/m/n' tried instead on input line 24.
Missing character: There is no 0 in font nullfont!
Missing character: There is no 1 in font nullfont!
Missing character: There is no 2 in font nullfont!
Missing character: There is no 3 in font nullfont!
Missing character: There is no 4 in font nullfont!
Missing character: There is no 5 in font nullfont!
Missing character: There is no 6 in font nullfont!
Missing character: There is no 7 in font nullfont!
Missing character: There is no 8 in font nullfont!
Missing character: There is no 9 in font nullfont!
Missing character: There is no , in font nullfont!
Missing character: There is no k in font nullfont!
Missing character: There is no e in font nullfont!
Missing character: There is no y in font nullfont!
Missing character: There is no w in font nullfont!
Missing character: There is no o in font nullfont!
Missing character: There is no r in font nullfont!
Missing character: There is no d in font nullfont!
Missing character: There is no s in font nullfont!
Missing character: There is no p in font nullfont!
Missing character: There is no r in font nullfont!
Missing character: There is no e in font nullfont!
Missing character: There is no f in font nullfont!
Missing character: There is no i in font nullfont!
Missing character: There is no x in font nullfont!
Missing character: There is no = in font nullfont!
Missing character: There is no , in font nullfont!
Missing character: There is no m in font nullfont!
Missing character: There is no o in font nullfont!
Missing character: There is no r in font nullfont!
Missing character: There is no e in font nullfont!
Missing character: There is no c in font nullfont!
Missing character: There is no o in font nullfont!
Missing character: There is no m in font nullfont!
Missing character: There is no m in font nullfont!
Missing character: There is no e in font nullfont!
Missing character: There is no n in font nullfont!
Missing character: There is no t in font nullfont!
Missing character: There is no = in font nullfont!
Missing character: There is no [ in font nullfont!
Missing character: There is no n in font nullfont!
Missing character: There is no ] in font nullfont!
Missing character: There is no [ in font nullfont!
Missing character: There is no k in font nullfont!
Missing character: There is no e in font nullfont!
Missing character: There is no y in font nullfont!
Missing character: There is no w in font nullfont!
Missing character: There is no o in font nullfont!
Missing character: There is no r in font nullfont!
Missing character: There is no d in font nullfont!
Missing character: There is no s in font nullfont!
Missing character: There is no t in font nullfont!
Missing character: There is no y in font nullfont!
Missing character: There is no l in font nullfont!
Missing character: There is no e in font nullfont!
Missing character: There is no 9 in font nullfont!
Missing character: There is no ] in font nullfont!
Missing character: There is no ` in font nullfont!
Missing character: There is no ' in font nullfont!
Missing character: There is no , in font nullfont!
Missing character: There is no m in font nullfont!
Missing character: There is no o in font nullfont!
Missing character: There is no r in font nullfont!
Missing character: There is no e in font nullfont!
Missing character: There is no k in font nullfont!
Missing character: There is no e in font nullfont!
Missing character: There is no y in font nullfont!
Missing character: There is no w in font nullfont!
Missing character: There is no o in font nullfont!
Missing character: There is no r in font nullfont!
Missing character: There is no d in font nullfont!
Missing character: There is no s in font nullfont!
Missing character: There is no = in font nullfont!
Missing character: There is no , in font nullfont!
Missing character: There is no m in font nullfont!
Missing character: There is no o in font nullfont!
Missing character: There is no r in font nullfont!
Missing character: There is no e in font nullfont!
Missing character: There is no c in font nullfont!
Missing character: There is no o in font nullfont!
Missing character: There is no m in font nullfont!
Missing character: There is no m in font nullfont!
Missing character: There is no e in font nullfont!
Missing character: There is no n in font nullfont!
Missing character: There is no t in font nullfont!
Missing character: There is no = in font nullfont!
Missing character: There is no [ in font nullfont!
Missing character: There is no f in font nullfont!
Missing character: There is no ] in font nullfont!
Missing character: There is no [ in font nullfont!

! Undefined control sequence.
l.30   morecomment=[f][\color
                             {Green}\slshape][0]*,
The control sequence at the end of the top line
of your error message was never \def'ed. If you have
misspelled it (e.g., `\hobx'), type `I' and the correct
spelling (e.g., `I\hbox'). Otherwise just continue,
and I'll forget about whatever was undefined.

Missing character: There is no G in font nullfont!
Missing character: There is no r in font nullfont!
Missing character: There is no e in font nullfont!
Missing character: There is no e in font nullfont!
Missing character: There is no n in font nullfont!
! Undefined control sequence.
l.35   morecomment=[n][\color
                             {Maroon}]{`"}{"'},
The control sequence at the end of the top line
of your error message was never \def'ed. If you have
misspelled it (e.g., `\hobx'), type `I' and the correct
spelling (e.g., `I\hbox'). Otherwise just continue,
and I'll forget about whatever was undefined.

! Missing $ inserted.
<inserted text> 
                $
l.42     ,ac ,ac_
                 7 ,acprplot ,acprplot_7 adjust ,ado ,adopath ,adoupdate
I've inserted a begin-math/end-math symbol since I think
you left one out. Proceed, with fingers crossed.

LaTeX Font Info:    External font `cmex10' loaded for size
(Font)              <7> on input line 42.
LaTeX Font Info:    External font `cmex10' loaded for size
(Font)              <5> on input line 42.
! Missing { inserted.
<to be read again> 
                   _
l.47     ,asmprobit_mfx__
                         dlg ,asmprobit_p ,ass ,asse ,asser ,assert ,avplot
A left brace was mandatory here, so I've put one in.
You might want to delete and/or insert some corrections
so that I will find a matching right brace soon.
(If you're confused by all this, try typing `I}' now.)

! Double subscript.
l.55     ,canon_8_
                  p ,canon_estat ,canon_p ,cap ,caprojection ,capt ,captu
I treat `x_1_2' essentially like `x_1{}_2'.

! Double subscript.
l.125     ,isid ,istdize ,ivprob_1_
                                   lf ,ivprob_lf ,ivprobit ,ivprobit_p ,ivreg
I treat `x_1_2' essentially like `x_1{}_2'.

! Double subscript.
l.126     ,ivreg_footnote ,ivtob_1_
                                   lf ,ivtob_lf ,ivtobit ,ivtobit_p ,jackknife
I treat `x_1_2' essentially like `x_1{}_2'.

! Missing { inserted.
<to be read again> 
                   _
l.146     ,matr ,matri ,matrix ,matrix_input__
                                              dlg ,matstrik ,mcc ,mcci ,md0_
A left brace was mandatory here, so I've put one in.
You might want to delete and/or insert some corrections
so that I will find a matching right brace soon.
(If you're confused by all this, try typing `I}' now.)

! Double subscript.
l.151 ...spline ,ml ,ml_5 ml_adjs ,ml_bhhhs ,ml_c_
                                                  d
I treat `x_1_2' essentially like `x_1{}_2'.

! Double subscript.
l.163     ,ml_rdgrd ,ml_repor ,ml_s_
                                    e ,ml_score ,ml_searc ,ml_technique
I treat `x_1_2' essentially like `x_1{}_2'.

! Double subscript.
l.169     ,news ,nl ,nl_7 ,nl_9 ,nl_9_
                                      p ,nl_p ,nl_p_7 nlcom ,nlcom_p ,nlexp2
I treat `x_1_2' essentially like `x_1{}_2'.

! Double subscript.
l.169 ...news ,nl ,nl_7 ,nl_9 ,nl_9_p ,nl_p ,nl_p_
                                                  7 nlcom ,nlcom_p ,nlexp2
I treat `x_1_2' essentially like `x_1{}_2'.

! Double subscript.
l.226 ...ress_p ,svy_sub ,svy_sub_7 ,svy_x ,svy_x_
                                                  7 ,svy_x_p ,svydes
I treat `x_1_2' essentially like `x_1{}_2'.

! Double subscript.
l.226 ...vy_sub ,svy_sub_7 ,svy_x ,svy_x_7 ,svy_x_
                                                  p ,svydes
I treat `x_1_2' essentially like `x_1{}_2'.

! Missing { inserted.
<to be read again> 
                   _
l.247     ,twoway__
                   fpfit_serset ,twoway__function_gen ,twoway__histogram_gen
A left brace was mandatory here, so I've put one in.
You might want to delete and/or insert some corrections
so that I will find a matching right brace soon.
(If you're confused by all this, try typing `I}' now.)

! Missing { inserted.
<to be read again> 
                   _
l.247     ,twoway__fpfit_serset ,twoway__
                                         function_gen ,twoway__histogram_gen
A left brace was mandatory here, so I've put one in.
You might want to delete and/or insert some corrections
so that I will find a matching right brace soon.
(If you're confused by all this, try typing `I}' now.)

! Missing { inserted.
<to be read again> 
                   _
l.247 ...it_serset ,twoway__function_gen ,twoway__
                                                  histogram_gen
A left brace was mandatory here, so I've put one in.
You might want to delete and/or insert some corrections
so that I will find a matching right brace soon.
(If you're confused by all this, try typing `I}' now.)

! Missing { inserted.
<to be read again> 
                   _
l.248     ,twoway__
                   ipoint_serset ,twoway__ipoints_serset ,twoway__kdensity_gen
A left brace was mandatory here, so I've put one in.
You might want to delete and/or insert some corrections
so that I will find a matching right brace soon.
(If you're confused by all this, try typing `I}' now.)

! Missing { inserted.
<to be read again> 
                   _
l.248     ,twoway__ipoint_serset ,twoway__
                                          ipoints_serset ,twoway__kdensity_gen
A left brace was mandatory here, so I've put one in.
You might want to delete and/or insert some corrections
so that I will find a matching right brace soon.
(If you're confused by all this, try typing `I}' now.)

! Missing { inserted.
<to be read again> 
                   _
l.248 ..._serset ,twoway__ipoints_serset ,twoway__
                                                  kdensity_gen
A left brace was mandatory here, so I've put one in.
You might want to delete and/or insert some corrections
so that I will find a matching right brace soon.
(If you're confused by all this, try typing `I}' now.)

! Missing { inserted.
<to be read again> 
                   _
l.249     ,twoway__
                   lfit_serset ,twoway__normgen_gen ,twoway__pci_serset
A left brace was mandatory here, so I've put one in.
You might want to delete and/or insert some corrections
so that I will find a matching right brace soon.
(If you're confused by all this, try typing `I}' now.)

! Missing { inserted.
<to be read again> 
                   _
l.249     ,twoway__lfit_serset ,twoway__
                                        normgen_gen ,twoway__pci_serset
A left brace was mandatory here, so I've put one in.
You might want to delete and/or insert some corrections
so that I will find a matching right brace soon.
(If you're confused by all this, try typing `I}' now.)

! Missing { inserted.
<to be read again> 
                   _
l.249 ...fit_serset ,twoway__normgen_gen ,twoway__
                                                  pci_serset
A left brace was mandatory here, so I've put one in.
You might want to delete and/or insert some corrections
so that I will find a matching right brace soon.
(If you're confused by all this, try typing `I}' now.)

! Missing { inserted.
<to be read again> 
                   _
l.250     ,twoway__
                   qfit_serset ,twoway__scatteri_serset ,twoway__sunflower_gen
A left brace was mandatory here, so I've put one in.
You might want to delete and/or insert some corrections
so that I will find a matching right brace soon.
(If you're confused by all this, try typing `I}' now.)

! Missing { inserted.
<to be read again> 
                   _
l.250     ,twoway__qfit_serset ,twoway__
                                        scatteri_serset ,twoway__sunflower_gen
A left brace was mandatory here, so I've put one in.
You might want to delete and/or insert some corrections
so that I will find a matching right brace soon.
(If you're confused by all this, try typing `I}' now.)

! Missing { inserted.
<to be read again> 
                   _
l.250 ...serset ,twoway__scatteri_serset ,twoway__
                                                  sunflower_gen
A left brace was mandatory here, so I've put one in.
You might want to delete and/or insert some corrections
so that I will find a matching right brace soon.
(If you're confused by all this, try typing `I}' now.)

! Double subscript.
l.258 ... ,vec ,vec_fevd ,vec_mkphi ,vec_p ,vec_p_
                                                  w ,vecirf_create
I treat `x_1_2' essentially like `x_1{}_2'.

! Missing { inserted.
<to be read again> 
                   _
l.284     ,xttobit_p ,xttrans ,yx ,yxview__
                                           barlike_draw ,yxview_area_draw
A left brace was mandatory here, so I've put one in.
You might want to delete and/or insert some corrections
so that I will find a matching right brace soon.
(If you're confused by all this, try typing `I}' now.)

! Missing $ inserted.
<inserted text> 
                $
l.344 
      
I've inserted a begin-math/end-math symbol since I think
you left one out. Proceed, with fingers crossed.

! Missing } inserted.
<inserted text> 
                }
l.344 
      
I've inserted something that you may have forgotten.
(See the <inserted text> above.)
With luck, this will get me unwedged. But if you
really didn't forget anything, try typing `2' now; then
my insertion and my current dilemma will both disappear.

! Missing } inserted.
<inserted text> 
                }
l.344 
      
I've inserted something that you may have forgotten.
(See the <inserted text> above.)
With luck, this will get me unwedged. But if you
really didn't forget anything, try typing `2' now; then
my insertion and my current dilemma will both disappear.

! Missing } inserted.
<inserted text> 
                }
l.344 
      
I've inserted something that you may have forgotten.
(See the <inserted text> above.)
With luck, this will get me unwedged. But if you
really didn't forget anything, try typing `2' now; then
my insertion and my current dilemma will both disappear.

! Missing } inserted.
<inserted text> 
                }
l.344 
      
I've inserted something that you may have forgotten.
(See the <inserted text> above.)
With luck, this will get me unwedged. But if you
really didn't forget anything, try typing `2' now; then
my insertion and my current dilemma will both disappear.

! Missing } inserted.
<inserted text> 
                }
l.344 
      
I've inserted something that you may have forgotten.
(See the <inserted text> above.)
With luck, this will get me unwedged. But if you
really didn't forget anything, try typing `2' now; then
my insertion and my current dilemma will both disappear.

! Missing } inserted.
<inserted text> 
                }
l.344 
      
I've inserted something that you may have forgotten.
(See the <inserted text> above.)
With luck, this will get me unwedged. But if you
really didn't forget anything, try typing `2' now; then
my insertion and my current dilemma will both disappear.

! Missing } inserted.
<inserted text> 
                }
l.344 
      
I've inserted something that you may have forgotten.
(See the <inserted text> above.)
With luck, this will get me unwedged. But if you
really didn't forget anything, try typing `2' now; then
my insertion and my current dilemma will both disappear.

! Missing } inserted.
<inserted text> 
                }
l.344 
      
I've inserted something that you may have forgotten.
(See the <inserted text> above.)
With luck, this will get me unwedged. But if you
really didn't forget anything, try typing `2' now; then
my insertion and my current dilemma will both disappear.

! Missing } inserted.
<inserted text> 
                }
l.344 
      
I've inserted something that you may have forgotten.
(See the <inserted text> above.)
With luck, this will get me unwedged. But if you
really didn't forget anything, try typing `2' now; then
my insertion and my current dilemma will both disappear.

! Missing } inserted.
<inserted text> 
                }
l.344 
      
I've inserted something that you may have forgotten.
(See the <inserted text> above.)
With luck, this will get me unwedged. But if you
really didn't forget anything, try typing `2' now; then
my insertion and my current dilemma will both disappear.

! Missing } inserted.
<inserted text> 
                }
l.344 
      
I've inserted something that you may have forgotten.
(See the <inserted text> above.)
With luck, this will get me unwedged. But if you
really didn't forget anything, try typing `2' now; then
my insertion and my current dilemma will both disappear.

! Missing } inserted.
<inserted text> 
                }
l.344 
      
I've inserted something that you may have forgotten.
(See the <inserted text> above.)
With luck, this will get me unwedged. But if you
really didn't forget anything, try typing `2' now; then
my insertion and my current dilemma will both disappear.

! Missing } inserted.
<inserted text> 
                }
l.344 
      
I've inserted something that you may have forgotten.
(See the <inserted text> above.)
With luck, this will get me unwedged. But if you
really didn't forget anything, try typing `2' now; then
my insertion and my current dilemma will both disappear.


Overfull \hbox (20.0pt too wide) in paragraph at lines 20--344
[]
 []


Overfull \hbox (10.00003pt too wide) in paragraph at lines 20--344
\OMS/cmsy/m/n/10 fg
 []


Overfull \hbox (5.00002pt too wide) in paragraph at lines 20--344
\OT1/cmr/m/n/10 $
 []


Overfull \hbox (21.11118pt too wide) in paragraph at lines 20--344
\OT1/cmr/m/sl/10 ][0]*,
 []


Overfull \hbox (42.80563pt too wide) in paragraph at lines 20--344
\OT1/cmr/m/sl/10 morecom-
 []


Overfull \hbox (50.83347pt too wide) in paragraph at lines 20--344
\OT1/cmr/m/sl/10 ment=[l]//,
 []


Overfull \hbox (42.80563pt too wide) in paragraph at lines 20--344
\OT1/cmr/m/sl/10 morecom-
 []


Overfull \hbox (62.00015pt too wide) in paragraph at lines 20--344
\OT1/cmr/m/sl/10 ment=[s]/**/,
 []


Overfull \hbox (42.80563pt too wide) in paragraph at lines 20--344
\OT1/cmr/m/sl/10 morecom-
 []


Overfull \hbox (98.63916pt too wide) in paragraph at lines 20--344
\OT1/cmr/m/sl/10 ment=[n][Maroon]`""',
 []


Overfull \hbox (25.02782pt too wide) in paragraph at lines 20--344
\OT1/cmr/m/sl/10 more-
 []


Overfull \hbox (51.75014pt too wide) in paragraph at lines 20--344
\OT1/cmr/m/sl/10 string=[b]",
 []


Overfull \hbox (39.75008pt too wide) in paragraph at lines 20--344
\OT1/cmr/m/sl/10 morekey-
 []


Overfull \hbox (43.69453pt too wide) in paragraph at lines 20--344
\OT1/cmr/m/sl/10 words=[2]
 []


Overfull \hbox (5.83336pt too wide) in paragraph at lines 20--344
\OT1/cmr/m/sl/10 if
 []


Overfull \hbox (18.3889pt too wide) in paragraph at lines 20--344
\OT1/cmr/m/sl/10 ,else
 []


Overfull \hbox (11.11115pt too wide) in paragraph at lines 20--344
\OT1/cmr/m/sl/10 ,in
 []


Overfull \hbox (22.52782pt too wide) in paragraph at lines 20--344
\OT1/cmr/m/sl/10 ,fore-
 []


Overfull \hbox (14.72224pt too wide) in paragraph at lines 20--344
\OT1/cmr/m/sl/10 ach
 []


Overfull \hbox (20.02785pt too wide) in paragraph at lines 20--344
\OT1/cmr/m/sl/10 ,forv
 []


Overfull \hbox (24.4723pt too wide) in paragraph at lines 20--344
\OT1/cmr/m/sl/10 ,forva
 []


Overfull \hbox (18.08337pt too wide) in paragraph at lines 20--344
\OT1/cmr/m/sl/10 ,for-
 []


Overfull \hbox (12.50005pt too wide) in paragraph at lines 20--344
\OT1/cmr/m/sl/10 val
 []


Overfull \hbox (18.08337pt too wide) in paragraph at lines 20--344
\OT1/cmr/m/sl/10 ,for-
 []


Overfull \hbox (18.05562pt too wide) in paragraph at lines 20--344
\OT1/cmr/m/sl/10 valu
 []


Overfull \hbox (18.08337pt too wide) in paragraph at lines 20--344
\OT1/cmr/m/sl/10 ,for-
 []


Overfull \hbox (22.50006pt too wide) in paragraph at lines 20--344
\OT1/cmr/m/sl/10 value
 []


Overfull \hbox (18.08337pt too wide) in paragraph at lines 20--344
\OT1/cmr/m/sl/10 ,for-
 []


Overfull \hbox (15.83337pt too wide) in paragraph at lines 20--344
\OT1/cmr/m/sl/10 val-
 []


Overfull \hbox (13.94446pt too wide) in paragraph at lines 20--344
\OT1/cmr/m/sl/10 ues
 []


Overfull \hbox (13.33337pt too wide) in paragraph at lines 20--344
\OT1/cmr/m/sl/10 ,by
 []


Overfull \hbox (17.27782pt too wide) in paragraph at lines 20--344
\OT1/cmr/m/sl/10 ,bys
 []


Overfull \hbox (30.0834pt too wide) in paragraph at lines 20--344
\OT1/cmr/m/sl/10 ,bysort
 []


Overfull \hbox (10.83337pt too wide) in paragraph at lines 20--344
\OT1/cmr/m/sl/10 ,xi
 []


Overfull \hbox (19.72226pt too wide) in paragraph at lines 20--344
\OT1/cmr/m/sl/10 ,qui-
 []


Overfull \hbox (16.38893pt too wide) in paragraph at lines 20--344
\OT1/cmr/m/sl/10 etly
 []


Overfull \hbox (16.38893pt too wide) in paragraph at lines 20--344
\OT1/cmr/m/sl/10 ,qui
 []


Overfull \hbox (21.11115pt too wide) in paragraph at lines 20--344
\OT1/cmr/m/sl/10 ,cap-
 []


Overfull \hbox (17.80559pt too wide) in paragraph at lines 20--344
\OT1/cmr/m/sl/10 ture
 []


Overfull \hbox (28.05565pt too wide) in paragraph at lines 20--344
\OT1/cmr/m/sl/10 ,about
 []


Overfull \hbox (12.22224pt too wide) in paragraph at lines 20--344
\OT1/cmr/m/sl/10 ,ac
 []

! Undefined control sequence.
l.349 \lstalias
               {Stata}{stata}
The control sequence at the end of the top line
of your error message was never \def'ed. If you have
misspelled it (e.g., `\hobx'), type `I' and the correct
spelling (e.g., `I\hbox'). Otherwise just continue,
and I'll forget about whatever was undefined.


! LaTeX Error: Missing \begin{document}.

See the LaTeX manual or LaTeX Companion for explanation.
Type  H <return>  for immediate help.
 ...                                              
                                                  
l.349 \lstalias{S
                 tata}{stata}
You're in trouble here.  Try typing  <return>  to proceed.
If that doesn't work, type  X <return>  to quit.


Overfull \hbox (65.05568pt too wide) in paragraph at lines 349--350
[]\OT1/cmr/m/sl/10 Statastata 
 []

)
! Emergency stop.
<*> listings-stata.tex
                      
*** (job aborted, no legal \end found)

 
Here is how much of TeX's memory you used:
 30 strings out of 492649
 550 string characters out of 6129622
 153015 words of memory out of 5000000
 4009 multiletter control sequences out of 15000+600000
 3993 words of font info for 15 fonts, out of 8000000 for 9000
 1141 hyphenation exceptions out of 8191
 18i,16n,15p,125b,100s stack positions out of 5000i,500n,10000p,200000b,80000s
!  ==> Fatal error occurred, no output PDF file produced!
