This is pdfTeX, Version 3.1415926-2.4-1.40.13 (TeX Live 2012) (format=pdflatex 2012.6.30)  22 APR 2013 10:23
entering extended mode
 restricted \write18 enabled.
 file:line:error style messages enabled.
 %&-line parsing enabled.
**20130419_key.tex
(./20130419_key.tex
LaTeX2e <2011/06/27>
Babel <v3.8m> and hyphenation patterns for english, dumylang, nohyphenation, ge
rman-x-2012-05-30, ngerman-x-2012-05-30, afrikaans, ancientgreek, ibycus, arabi
c, armenian, basque, bulgarian, catalan, pinyin, coptic, croatian, czech, danis
h, dutch, ukenglish, usenglishmax, esperanto, estonian, ethiopic, farsi, finnis
h, french, friulan, galician, german, ngerman, swissgerman, monogreek, greek, h
ungarian, icelandic, assamese, bengali, gujarati, hindi, kannada, malayalam, ma
rathi, oriya, panjabi, tamil, telugu, indonesian, interlingua, irish, italian, 
kurmanji, latin, latvian, lithuanian, mongolian, mongolianlmc, bokmal, nynorsk,
 polish, portuguese, romanian, romansh, russian, sanskrit, serbian, serbianc, s
lovak, slovenian, spanish, swedish, turkish, turkmen, ukrainian, uppersorbian, 
welsh, loaded.
(/usr/local/texlive/2012/texmf-dist/tex/latex/base/article.cls
Document Class: article 2007/10/19 v1.4h Standard LaTeX document class
(/usr/local/texlive/2012/texmf-dist/tex/latex/base/size11.clo
File: size11.clo 2007/10/19 v1.4h Standard LaTeX file (size option)
)
\c@part=\count79
\c@section=\count80
\c@subsection=\count81
\c@subsubsection=\count82
\c@paragraph=\count83
\c@subparagraph=\count84
\c@figure=\count85
\c@table=\count86
\abovecaptionskip=\skip41
\belowcaptionskip=\skip42
\bibindent=\dimen102
)
(/usr/local/texlive/2012/texmf-dist/tex/latex/tools/calc.sty
Package: calc 2007/08/22 v4.3 Infix arithmetic (KKT,FJ)
\calc@Acount=\count87
\calc@Bcount=\count88
\calc@Adimen=\dimen103
\calc@Bdimen=\dimen104
\calc@Askip=\skip43
\calc@Bskip=\skip44
LaTeX Info: Redefining \setlength on input line 76.
LaTeX Info: Redefining \addtolength on input line 77.
\calc@Ccount=\count89
\calc@Cskip=\skip45
)
(/usr/local/texlive/2012/texmf-dist/tex/latex/amsfonts/amsfonts.sty
Package: amsfonts 2009/06/22 v3.00 Basic AMSFonts support
\@emptytoks=\toks14
\symAMSa=\mathgroup4
\symAMSb=\mathgroup5
LaTeX Font Info:    Overwriting math alphabet `\mathfrak' in version `bold'
(Font)                  U/euf/m/n --> U/euf/b/n on input line 96.
)
(/usr/local/texlive/2012/texmf-dist/tex/latex/amscls/amsthm.sty
Package: amsthm 2009/07/02 v2.20.1
\thm@style=\toks15
\thm@bodyfont=\toks16
\thm@headfont=\toks17
\thm@notefont=\toks18
\thm@headpunct=\toks19
\thm@preskip=\skip46
\thm@postskip=\skip47
\thm@headsep=\skip48
\dth@everypar=\toks20
)
(/usr/local/texlive/2012/texmf-dist/tex/latex/amsmath/amsmath.sty
Package: amsmath 2000/07/18 v2.13 AMS math features
\@mathmargin=\skip49

For additional information on amsmath, use the `?' option.
(/usr/local/texlive/2012/texmf-dist/tex/latex/amsmath/amstext.sty
Package: amstext 2000/06/29 v2.01

(/usr/local/texlive/2012/texmf-dist/tex/latex/amsmath/amsgen.sty
File: amsgen.sty 1999/11/30 v2.0
\@emptytoks=\toks21
\ex@=\dimen105
))
(/usr/local/texlive/2012/texmf-dist/tex/latex/amsmath/amsbsy.sty
Package: amsbsy 1999/11/29 v1.2d
\pmbraise@=\dimen106
)
(/usr/local/texlive/2012/texmf-dist/tex/latex/amsmath/amsopn.sty
Package: amsopn 1999/12/14 v2.01 operator names
)
\inf@bad=\count90
LaTeX Info: Redefining \frac on input line 211.
\uproot@=\count91
\leftroot@=\count92
LaTeX Info: Redefining \overline on input line 307.
\classnum@=\count93
\DOTSCASE@=\count94
LaTeX Info: Redefining \ldots on input line 379.
LaTeX Info: Redefining \dots on input line 382.
LaTeX Info: Redefining \cdots on input line 467.
\Mathstrutbox@=\box26
\strutbox@=\box27
\big@size=\dimen107
LaTeX Font Info:    Redeclaring font encoding OML on input line 567.
LaTeX Font Info:    Redeclaring font encoding OMS on input line 568.
\macc@depth=\count95
\c@MaxMatrixCols=\count96
\dotsspace@=\muskip10
\c@parentequation=\count97
\dspbrk@lvl=\count98
\tag@help=\toks22
\row@=\count99
\column@=\count100
\maxfields@=\count101
\andhelp@=\toks23
\eqnshift@=\dimen108
\alignsep@=\dimen109
\tagshift@=\dimen110
\tagwidth@=\dimen111
\totwidth@=\dimen112
\lineht@=\dimen113
\@envbody=\toks24
\multlinegap=\skip50
\multlinetaggap=\skip51
\mathdisplay@stack=\toks25
LaTeX Info: Redefining \[ on input line 2666.
LaTeX Info: Redefining \] on input line 2667.
)
(/usr/local/texlive/2012/texmf-dist/tex/latex/booktabs/booktabs.sty
Package: booktabs 2005/04/14 v1.61803 publication quality tables
\heavyrulewidth=\dimen114
\lightrulewidth=\dimen115
\cmidrulewidth=\dimen116
\belowrulesep=\dimen117
\belowbottomsep=\dimen118
\aboverulesep=\dimen119
\abovetopsep=\dimen120
\cmidrulesep=\dimen121
\cmidrulekern=\dimen122
\defaultaddspace=\dimen123
\@cmidla=\count102
\@cmidlb=\count103
\@aboverulesep=\dimen124
\@belowrulesep=\dimen125
\@thisruleclass=\count104
\@lastruleclass=\count105
\@thisrulewidth=\dimen126
)
(/usr/local/texlive/2012/texmf-dist/tex/latex/mh/mathtools.sty
Package: mathtools 2012/04/24 v1.12 mathematical typesetting tools

(/usr/local/texlive/2012/texmf-dist/tex/latex/graphics/keyval.sty
Package: keyval 1999/03/16 v1.13 key=value parser (DPC)
\KV@toks@=\toks26
)
(/usr/local/texlive/2012/texmf-dist/tex/latex/mh/mhsetup.sty
Package: mhsetup 2010/01/21 v1.2a programming setup (MH)
)
\g_MT_multlinerow_int=\count106
\l_MT_multwidth_dim=\dimen127
\origjot=\skip52
\l_MT_shortvdotswithinadjustabove_dim=\dimen128
\l_MT_shortvdotswithinadjustbelow_dim=\dimen129
\l_MT_above_intertext_dim=\dimen130
\l_MT_below_intertext_dim=\dimen131
\l_MT_above_shortintertext_dim=\dimen132
\l_MT_below_shortintertext_dim=\dimen133
)
(/usr/local/texlive/2012/texmf-dist/tex/latex/amsfonts/amssymb.sty
Package: amssymb 2009/06/22 v3.00
)
(/usr/local/texlive/2012/texmf-dist/tex/latex/caption/caption.sty
Package: caption 2012/02/19 v3.2f Customizing captions (AR)

(/usr/local/texlive/2012/texmf-dist/tex/latex/caption/caption3.sty
Package: caption3 2012/01/12 v1.4b caption3 kernel (AR)
\captionmargin=\dimen134
\captionmargin@=\dimen135
\captionwidth=\dimen136
\caption@indent=\dimen137
\caption@parindent=\dimen138
\caption@hangindent=\dimen139
)
\c@ContinuedFloat=\count107
)
(/usr/local/texlive/2012/texmf-dist/tex/latex/caption/subcaption.sty
Package: subcaption 2012/01/12 v1.1d Sub-captions (AR)
\c@subfigure=\count108
\c@subtable=\count109
)
(/usr/local/texlive/2012/texmf-dist/tex/latex/setspace/setspace.sty
Package: setspace 2011/12/19 v6.7a set line spacing
)
(/usr/local/texlive/2012/texmf-dist/tex/latex/tools/verbatim.sty
Package: verbatim 2003/08/22 v1.5q LaTeX2e package for verbatim enhancements
\every@verbatim=\toks27
\verbatim@line=\toks28
\verbatim@in@stream=\read1
)
(/usr/local/texlive/2012/texmf-dist/tex/latex/graphics/graphicx.sty
Package: graphicx 1999/02/16 v1.0f Enhanced LaTeX Graphics (DPC,SPQR)

(/usr/local/texlive/2012/texmf-dist/tex/latex/graphics/graphics.sty
Package: graphics 2009/02/05 v1.0o Standard LaTeX Graphics (DPC,SPQR)

(/usr/local/texlive/2012/texmf-dist/tex/latex/graphics/trig.sty
Package: trig 1999/03/16 v1.09 sin cos tan (DPC)
)
(/usr/local/texlive/2012/texmf-dist/tex/latex/latexconfig/graphics.cfg
File: graphics.cfg 2010/04/23 v1.9 graphics configuration of TeX Live
)
Package graphics Info: Driver file: pdftex.def on input line 91.

(/usr/local/texlive/2012/texmf-dist/tex/latex/pdftex-def/pdftex.def
File: pdftex.def 2011/05/27 v0.06d Graphics/color for pdfTeX

(/usr/local/texlive/2012/texmf-dist/tex/generic/oberdiek/infwarerr.sty
Package: infwarerr 2010/04/08 v1.3 Providing info/warning/error messages (HO)
)
(/usr/local/texlive/2012/texmf-dist/tex/generic/oberdiek/ltxcmds.sty
Package: ltxcmds 2011/11/09 v1.22 LaTeX kernel commands for general use (HO)
)
\Gread@gobject=\count110
))
\Gin@req@height=\dimen140
\Gin@req@width=\dimen141
)
(/usr/local/texlive/2012/texmf-dist/tex/latex/tools/tabularx.sty
Package: tabularx 1999/01/07 v2.07 `tabularx' package (DPC)

(/usr/local/texlive/2012/texmf-dist/tex/latex/tools/array.sty
Package: array 2008/09/09 v2.4c Tabular extension package (FMi)
\col@sep=\dimen142
\extrarowheight=\dimen143
\NC@list=\toks29
\extratabsurround=\skip53
\backup@length=\skip54
)
\TX@col@width=\dimen144
\TX@old@table=\dimen145
\TX@old@col=\dimen146
\TX@target=\dimen147
\TX@delta=\dimen148
\TX@cols=\count111
\TX@ftn=\toks30
)
(/usr/local/texlive/2012/texmf-dist/tex/latex/tools/longtable.sty
Package: longtable 2004/02/01 v4.11 Multi-page Table package (DPC)
\LTleft=\skip55
\LTright=\skip56
\LTpre=\skip57
\LTpost=\skip58
\LTchunksize=\count112
\LTcapwidth=\dimen149
\LT@head=\box28
\LT@firsthead=\box29
\LT@foot=\box30
\LT@lastfoot=\box31
\LT@cols=\count113
\LT@rows=\count114
\c@LT@tables=\count115
\c@LT@chunks=\count116
\LT@p@ftn=\toks31
)
(/usr/local/texlive/2012/texmf-dist/tex/latex/tools/multicol.sty
Package: multicol 2011/06/27 v1.7a multicolumn formatting (FMi)
\c@tracingmulticols=\count117
\mult@box=\box32
\multicol@leftmargin=\dimen150
\c@unbalance=\count118
\c@collectmore=\count119
\doublecol@number=\count120
\multicoltolerance=\count121
\multicolpretolerance=\count122
\full@width=\dimen151
\page@free=\dimen152
\premulticols=\dimen153
\postmulticols=\dimen154
\multicolsep=\skip59
\multicolbaselineskip=\skip60
\partial@page=\box33
\last@line=\box34
\mult@rightbox=\box35
\mult@grightbox=\box36
\mult@gfirstbox=\box37
\mult@firstbox=\box38
\@tempa=\box39
\@tempa=\box40
\@tempa=\box41
\@tempa=\box42
\@tempa=\box43
\@tempa=\box44
\@tempa=\box45
\@tempa=\box46
\@tempa=\box47
\@tempa=\box48
\@tempa=\box49
\@tempa=\box50
\@tempa=\box51
\@tempa=\box52
\@tempa=\box53
\@tempa=\box54
\@tempa=\box55
\c@columnbadness=\count123
\c@finalcolumnbadness=\count124
\last@try=\dimen155
\multicolovershoot=\dimen156
\multicolundershoot=\dimen157
\mult@nat@firstbox=\box56
\colbreak@box=\box57
\multicol@sort@counter=\count125
)
(/usr/local/texlive/2012/texmf-dist/tex/latex/multirow/multirow.sty
\bigstrutjot=\dimen158
)
(/usr/local/texlive/2012/texmf-dist/tex/latex/oberdiek/pdflscape.sty
Package: pdflscape 2008/08/11 v0.10 Display of landscape pages in PDF (HO)

(/usr/local/texlive/2012/texmf-dist/tex/latex/graphics/lscape.sty
Package: lscape 2000/10/22 v3.01 Landscape Pages (DPC)
)
(/usr/local/texlive/2012/texmf-dist/tex/generic/oberdiek/ifpdf.sty
Package: ifpdf 2011/01/30 v2.3 Provides the ifpdf switch (HO)
Package ifpdf Info: pdfTeX in PDF mode is detected.
)
Package pdflscape Info: Auto-detected driver: pdftex on input line 80.

(/usr/local/texlive/2012/texmf-dist/tex/generic/ifxetex/ifxetex.sty
Package: ifxetex 2010/09/12 v0.6 Provides ifxetex conditional
))
(/usr/local/texlive/2012/texmf-dist/tex/generic/babel/babel.sty
Package: babel 2008/07/08 v3.8m The Babel package

(/usr/local/texlive/2012/texmf-dist/tex/generic/babel/english.ldf
Language: english 2005/03/30 v3.3o English support from the babel system

(/usr/local/texlive/2012/texmf-dist/tex/generic/babel/babel.def
File: babel.def 2008/07/08 v3.8m Babel common definitions
\babel@savecnt=\count126
\U@D=\dimen159
)
\l@canadian = a dialect from \language\l@american 
\l@australian = a dialect from \language\l@british 
\l@newzealand = a dialect from \language\l@british 
))
(/usr/local/texlive/2012/texmf-dist/tex/latex/hyperref/hyperref.sty
Package: hyperref 2012/05/13 v6.82q Hypertext links for LaTeX

(/usr/local/texlive/2012/texmf-dist/tex/generic/oberdiek/hobsub-hyperref.sty
Package: hobsub-hyperref 2012/05/28 v1.13 Bundle oberdiek, subset hyperref (HO)


(/usr/local/texlive/2012/texmf-dist/tex/generic/oberdiek/hobsub-generic.sty
Package: hobsub-generic 2012/05/28 v1.13 Bundle oberdiek, subset generic (HO)
Package: hobsub 2012/05/28 v1.13 Construct package bundles (HO)
Package hobsub Info: Skipping package `infwarerr' (already loaded).
Package hobsub Info: Skipping package `ltxcmds' (already loaded).
Package: ifluatex 2010/03/01 v1.3 Provides the ifluatex switch (HO)
Package ifluatex Info: LuaTeX not detected.
Package: ifvtex 2010/03/01 v1.5 Detect VTeX and its facilities (HO)
Package ifvtex Info: VTeX not detected.
Package: intcalc 2007/09/27 v1.1 Expandable calculations with integers (HO)
Package hobsub Info: Skipping package `ifpdf' (already loaded).
Package: etexcmds 2011/02/16 v1.5 Avoid name clashes with e-TeX commands (HO)
Package etexcmds Info: Could not find \expanded.
(etexcmds)             That can mean that you are not using pdfTeX 1.50 or
(etexcmds)             that some package has redefined \expanded.
(etexcmds)             In the latter case, load this package earlier.
Package: kvsetkeys 2012/04/25 v1.16 Key value parser (HO)
Package: kvdefinekeys 2011/04/07 v1.3 Define keys (HO)
Package: pdftexcmds 2011/11/29 v0.20 Utility functions of pdfTeX for LuaTeX (HO
)
Package pdftexcmds Info: LuaTeX not detected.
Package pdftexcmds Info: \pdf@primitive is available.
Package pdftexcmds Info: \pdf@ifprimitive is available.
Package pdftexcmds Info: \pdfdraftmode found.
Package: pdfescape 2011/11/25 v1.13 Implements pdfTeX's escape features (HO)
Package: bigintcalc 2012/04/08 v1.3 Expandable calculations on big integers (HO
)
Package: bitset 2011/01/30 v1.1 Handle bit-vector datatype (HO)
Package: uniquecounter 2011/01/30 v1.2 Provide unlimited unique counter (HO)
)
Package hobsub Info: Skipping package `hobsub' (already loaded).
Package: letltxmacro 2010/09/02 v1.4 Let assignment for LaTeX macros (HO)
Package: hopatch 2012/05/28 v1.2 Wrapper for package hooks (HO)
Package: xcolor-patch 2011/01/30 xcolor patch
Package: atveryend 2011/06/30 v1.8 Hooks at the very end of document (HO)
Package atveryend Info: \enddocument detected (standard20110627).
Package: atbegshi 2011/10/05 v1.16 At begin shipout hook (HO)
Package: refcount 2011/10/16 v3.4 Data extraction from label references (HO)
Package: hycolor 2011/01/30 v1.7 Color options for hyperref/bookmark (HO)
)
(/usr/local/texlive/2012/texmf-dist/tex/latex/oberdiek/kvoptions.sty
Package: kvoptions 2011/06/30 v3.11 Key value format for package options (HO)
)
\@linkdim=\dimen160
\Hy@linkcounter=\count127
\Hy@pagecounter=\count128

(/usr/local/texlive/2012/texmf-dist/tex/latex/hyperref/pd1enc.def
File: pd1enc.def 2012/05/13 v6.82q Hyperref: PDFDocEncoding definition (HO)
)
\Hy@SavedSpaceFactor=\count129

(/usr/local/texlive/2012/texmf-dist/tex/latex/latexconfig/hyperref.cfg
File: hyperref.cfg 2002/06/06 v1.2 hyperref configuration of TeXLive
)
Package hyperref Info: Hyper figures OFF on input line 4062.
Package hyperref Info: Link nesting OFF on input line 4067.
Package hyperref Info: Hyper index ON on input line 4070.
Package hyperref Info: Plain pages OFF on input line 4077.
Package hyperref Info: Backreferencing OFF on input line 4082.
Package hyperref Info: Implicit mode ON; LaTeX internals redefined.
Package hyperref Info: Bookmarks ON on input line 4300.
\c@Hy@tempcnt=\count130

(/usr/local/texlive/2012/texmf-dist/tex/latex/url/url.sty
\Urlmuskip=\muskip11
Package: url 2006/04/12  ver 3.3  Verb mode for urls, etc.
)
LaTeX Info: Redefining \url on input line 4653.
\Fld@menulength=\count131
\Field@Width=\dimen161
\Fld@charsize=\dimen162
Package hyperref Info: Hyper figures OFF on input line 5773.
Package hyperref Info: Link nesting OFF on input line 5778.
Package hyperref Info: Hyper index ON on input line 5781.
Package hyperref Info: backreferencing OFF on input line 5788.
Package hyperref Info: Link coloring OFF on input line 5793.
Package hyperref Info: Link coloring with OCG OFF on input line 5798.
Package hyperref Info: PDF/A mode OFF on input line 5803.
LaTeX Info: Redefining \ref on input line 5843.
LaTeX Info: Redefining \pageref on input line 5847.
\Hy@abspage=\count132
\c@Item=\count133
\c@Hfootnote=\count134
)

Package hyperref Message: Driver: hpdftex.

(/usr/local/texlive/2012/texmf-dist/tex/latex/hyperref/hpdftex.def
File: hpdftex.def 2012/05/13 v6.82q Hyperref driver for pdfTeX
\Fld@listcount=\count135
\c@bookmark@seq@number=\count136

(/usr/local/texlive/2012/texmf-dist/tex/latex/oberdiek/rerunfilecheck.sty
Package: rerunfilecheck 2011/04/15 v1.7 Rerun checks for auxiliary files (HO)
Package uniquecounter Info: New unique counter `rerunfilecheck' on input line 2
82.
)
\Hy@SectionHShift=\skip61
)
(/usr/local/texlive/2012/texmf-dist/tex/latex/natbib/natbib.sty
Package: natbib 2010/09/13 8.31b (PWD, AO)
\bibhang=\skip62
\bibsep=\skip63
LaTeX Info: Redefining \cite on input line 694.
\c@NAT@ctr=\count137
)
(/usr/local/texlive/2012/texmf-dist/tex/latex/enumitem/enumitem.sty
Package: enumitem 2011/09/28 v3.5.2 Customized lists
\labelindent=\skip64
\enit@outerparindent=\dimen163
\enit@toks=\toks32
\enit@inbox=\box58
\enitdp@description=\count138
)
(/usr/local/texlive/2012/texmf-dist/tex/latex/base/latexsym.sty
Package: latexsym 1998/08/17 v2.2e Standard LaTeX package (lasy symbols)
\symlasy=\mathgroup6
LaTeX Font Info:    Overwriting symbol font `lasy' in version `bold'
(Font)                  U/lasy/m/n --> U/lasy/b/n on input line 47.
)
(/usr/local/texlive/2012/texmf-dist/tex/latex/rotating/rotating.sty
Package: rotating 2009/03/28 v2.16a rotated objects in LaTeX

(/usr/local/texlive/2012/texmf-dist/tex/latex/base/ifthen.sty
Package: ifthen 2001/05/26 v1.1c Standard LaTeX ifthen package (DPC)
)
\c@r@tfl@t=\count139
\rotFPtop=\skip65
\rotFPbot=\skip66
\rot@float@box=\box59
\rot@mess@toks=\toks33
)
(/usr/local/texlive/2012/texmf-dist/tex/latex/layouts/layouts.sty
Package: layouts 2009/09/02 v2.6d graphical depiction of document elements
\l@ylen=\skip67
\layoutsbox=\box60
\l@youtunitlength=\skip68
\l@youtlinethick=\skip69
\l@youtlinethickii=\skip70
\l@ysetupparskip=\skip71
\l@ysetupbaselineskip=\skip72
\l@yonem=\skip73
\l@yonex=\skip74
\l@ylmarg=\skip75
\l@yrmarg=\skip76
\l@yitmindent=\skip77
\l@ylblwidth=\skip78
\l@ylblsep=\skip79
\l@ylparindent=\skip80
\l@ytsep=\skip81
\l@ypskip=\skip82
\l@yptsep=\skip83
\l@ypsep=\skip84
\l@yitmsep=\skip85
\l@ytok=\toks34
\l@youtpw=\count140
\l@youtph=\count141
\l@youthpi=\count142
\l@youthpii=\count143
\l@youthpiii=\count144
\l@youthpiv=\count145
\l@youthpv=\count146
\l@youthpvi=\count147
\l@youthpvii=\count148
\l@youtparskip=\count149
\l@youtvpi=\count150
\l@youtvpii=\count151
\l@youtvpiii=\count152
\l@youtvpiv=\count153
\l@youtvpv=\count154
\l@youtvpvi=\count155
\l@youtvpvii=\count156
\l@youthdo=\count157
\l@youthdi=\count158
\l@youthdii=\count159
\l@youthdiii=\count160
\l@youthdiv=\count161
\l@youthdv=\count162
\l@youthdvi=\count163
\l@youthdvii=\count164
\l@youtvdo=\count165
\l@youtvdi=\count166
\l@youtvdii=\count167
\l@youtvdiii=\count168
\l@youtvdiv=\count169
\l@youtvdv=\count170
\l@youtvdvi=\count171
\l@youtvdvii=\count172
\l@youtvdviii=\count173
\l@youtxci=\count174
\l@youtxcii=\count175
\l@youtxciii=\count176
\l@youtxciv=\count177
\l@youtxcv=\count178
\l@youtxcvi=\count179
\l@youtyci=\count180
\l@youtycii=\count181
\l@youtyciii=\count182
\l@youtyciv=\count183
\l@youtycv=\count184
\l@youtycvi=\count185
\l@youtycvii=\count186
\l@youtycviii=\count187
\l@youtxco=\count188
\l@youtyco=\count189
\l@ytempdima=\skip86
\stockwidth=\skip87
\stockheight=\skip88
\trimedge=\skip89
\trimtop=\skip90
\uppermargin=\skip91
\spinemargin=\skip92
)
(/usr/local/texlive/2012/texmf-dist/tex/latex/appendix/appendix.sty
Package: appendix 2009/09/02 v1.2b extra appendix facilities
\c@@pps=\count190
\c@@ppsavesec=\count191
\c@@ppsaveapp=\count192
)
(/usr/local/texlive/2012/texmf-dist/tex/latex/geometry/geometry.sty
Package: geometry 2010/09/12 v5.6 Page Geometry
\Gm@cnth=\count193
\Gm@cntv=\count194
\c@Gm@tempcnt=\count195
\Gm@bindingoffset=\dimen164
\Gm@wd@mp=\dimen165
\Gm@odd@mp=\dimen166
\Gm@even@mp=\dimen167
\Gm@layoutwidth=\dimen168
\Gm@layoutheight=\dimen169
\Gm@layouthoffset=\dimen170
\Gm@layoutvoffset=\dimen171
\Gm@dimlist=\toks35
)
(/usr/local/texlive/2012/texmf-dist/tex/latex/fancyvrb/fancyvrb.sty
Package: fancyvrb 2008/02/07

Style option: `fancyvrb' v2.7a, with DG/SPQR fixes, and firstline=lastline fix 
<2008/02/07> (tvz)
\FV@CodeLineNo=\count196
\FV@InFile=\read2
\FV@TabBox=\box61
\c@FancyVerbLine=\count197
\FV@StepNumber=\count198
\FV@OutFile=\write3
)
(/usr/local/texlive/2012/texmf-dist/tex/latex/tocbibind/tocbibind.sty
Package: tocbibind 2010/10/13 v1.5k extra ToC listings
Package tocbibind Info: The document has section divisions on input line 50.


Package tocbibind Note: Using section or other style headings.

) (/usr/local/texlive/2012/texmf-dist/tex/latex/framed/framed.sty
Package: framed 2011/10/22 v 0.96: framed or shaded text with page breaks
\OuterFrameSep=\skip93
\fb@frw=\dimen172
\fb@frh=\dimen173
\FrameRule=\dimen174
\FrameSep=\dimen175
)
(/usr/local/texlive/2012/texmf-dist/tex/latex/base/fontenc.sty
Package: fontenc 2005/09/27 v1.99g Standard LaTeX package

(/usr/local/texlive/2012/texmf-dist/tex/latex/base/t1enc.def
File: t1enc.def 2005/09/27 v1.99g Standard LaTeX file
LaTeX Font Info:    Redeclaring font encoding T1 on input line 43.
))
(/usr/local/texlive/2012/texmf-dist/tex/latex/libertine-legacy/libertine.sty
Package: libertine 2011/06/06 - 5.1.2: Font libertine - (License GPL) Michael N
iedermair

(/usr/local/texlive/2012/texmf-dist/tex/latex/lettrine/lettrine.sty
File: lettrine.sty 2007/08/08 v1.62 (Daniel Flipo)
\c@DefaultLines=\count199
\DefaultFindent=\dimen176
\DefaultNindent=\dimen177
\DefaultSlope=\dimen178
\L@lbox=\box62
\L@tbox=\box63
\c@L@lines=\count200
\L@Pindent=\dimen179
\L@Findent=\dimen180
\L@Nindent=\dimen181
\L@lraise=\dimen182
\L@first=\dimen183
\L@next=\dimen184
\L@slope=\dimen185
\L@height=\dimen186
\LettrineWidth=\dimen187

Loading lettrine.cfg
(/usr/local/texlive/2012/texmf-dist/tex/latex/lettrine/lettrine.cfg))
(/usr/local/texlive/2012/texmf-dist/tex/latex/libertine-legacy/fxl.inc)
(/usr/local/texlive/2012/texmf-dist/tex/latex/libertine-legacy/fxb.inc)
(/usr/local/texlive/2012/texmf-dist/tex/latex/libertine-legacy/fxk.inc)
(/usr/local/texlive/2012/texmf-dist/tex/latex/libertine-legacy/fxi.inc))
\c@assump=\count201
\c@hyp=\count202

(/usr/local/texlive/2012/texmf-dist/tex/latex/sectsty/sectsty.sty
Package: sectsty 2002/02/25 v2.0.2 Commands to change all sectional heading sty
les
)
Package hyperref Info: Option `colorlinks' set `true' on input line 85.

(./20130419_key.aux)
\openout1 = `20130419_key.aux'.

LaTeX Font Info:    Checking defaults for OML/cmm/m/it on input line 93.
LaTeX Font Info:    ... okay on input line 93.
LaTeX Font Info:    Checking defaults for T1/cmr/m/n on input line 93.
LaTeX Font Info:    ... okay on input line 93.
LaTeX Font Info:    Checking defaults for OT1/cmr/m/n on input line 93.
LaTeX Font Info:    ... okay on input line 93.
LaTeX Font Info:    Checking defaults for OMS/cmsy/m/n on input line 93.
LaTeX Font Info:    ... okay on input line 93.
LaTeX Font Info:    Checking defaults for OMX/cmex/m/n on input line 93.
LaTeX Font Info:    ... okay on input line 93.
LaTeX Font Info:    Checking defaults for U/cmr/m/n on input line 93.
LaTeX Font Info:    ... okay on input line 93.
LaTeX Font Info:    Checking defaults for PD1/pdf/m/n on input line 93.
LaTeX Font Info:    ... okay on input line 93.
LaTeX Font Info:    Try loading font information for T1+fxl on input line 93.

(/usr/local/texlive/2012/texmf-dist/tex/latex/libertine-legacy/t1fxl.fd
File: t1fxl.fd 2011/06/06 scaled font definitions for libertine T1/fxl (Nm).
)
LaTeX Font Info:    Font shape `T1/fxl/m/n' will be
(Font)              scaled to size 10.95pt on input line 93.
Package caption Info: Begin \AtBeginDocument code.
Package caption Info: hyperref package is loaded.
Package caption Info: longtable package is loaded.

(/usr/local/texlive/2012/texmf-dist/tex/latex/caption/ltcaption.sty
Package: ltcaption 2011/09/12 v1.3 longtable captions (AR)
)
Package caption Info: rotating package is loaded.
Package caption Info: End \AtBeginDocument code.

(/usr/local/texlive/2012/texmf-dist/tex/context/base/supp-pdf.mkii
[Loading MPS to PDF converter (version 2006.09.02).]
\scratchcounter=\count203
\scratchdimen=\dimen188
\scratchbox=\box64
\nofMPsegments=\count204
\nofMParguments=\count205
\everyMPshowfont=\toks36
\MPscratchCnt=\count206
\MPscratchDim=\dimen189
\MPnumerator=\count207
\makeMPintoPDFobject=\count208
\everyMPtoPDFconversion=\toks37
) (/usr/local/texlive/2012/texmf-dist/tex/latex/oberdiek/epstopdf-base.sty
Package: epstopdf-base 2010/02/09 v2.5 Base part for package epstopdf

(/usr/local/texlive/2012/texmf-dist/tex/latex/oberdiek/grfext.sty
Package: grfext 2010/08/19 v1.1 Manage graphics extensions (HO)
)
Package grfext Info: Graphics extension search list:
(grfext)             [.pdf,.jpg,.png,.eps]
(grfext)             \AppendGraphicsExtensions on input line 452.

(/usr/local/texlive/2012/texmf-dist/tex/latex/latexconfig/epstopdf-sys.cfg
File: epstopdf-sys.cfg 2010/07/13 v1.3 Configuration of (r)epstopdf for TeX Liv
e
))
\AtBeginShipoutBox=\box65


Package hyperref Warning: Height of page (\stockheight) is invalid (0.0pt),
(hyperref)                using 11in.

(/usr/local/texlive/2012/texmf-dist/tex/latex/graphics/color.sty
Package: color 2005/11/14 v1.0j Standard LaTeX Color (DPC)

(/usr/local/texlive/2012/texmf-dist/tex/latex/latexconfig/color.cfg
File: color.cfg 2007/01/18 v1.5 color configuration of teTeX/TeXLive
)
Package color Info: Driver file: pdftex.def on input line 130.
)
Package hyperref Info: Link coloring ON on input line 93.

(/usr/local/texlive/2012/texmf-dist/tex/latex/hyperref/nameref.sty
Package: nameref 2010/04/30 v2.40 Cross-referencing by name of section

(/usr/local/texlive/2012/texmf-dist/tex/generic/oberdiek/gettitlestring.sty
Package: gettitlestring 2010/12/03 v1.4 Cleanup title references (HO)
)
\c@section@level=\count209
)
LaTeX Info: Redefining \ref on input line 93.
LaTeX Info: Redefining \pageref on input line 93.
LaTeX Info: Redefining \nameref on input line 93.

(./20130419_key.out) (./20130419_key.out)
\@outlinefile=\write4
\openout4 = `20130419_key.out'.



Package layouts Warning: Layout scale set to 0.5 on input line 93.

*geometry* driver: auto-detecting
*geometry* detected driver: pdftex
*geometry* verbose mode - [ preamble ] result:
* driver: pdftex
* paper: <default>
* layout: <same size as paper>
* layoutoffset:(h,v)=(0.0pt,0.0pt)
* modes: 
* h-part:(L,W,R)=(36.135pt, 542.02501pt, 36.135pt)
* v-part:(T,H,B)=(36.135pt, 722.7pt, 36.135pt)
* \paperwidth=614.295pt
* \paperheight=794.96999pt
* \textwidth=542.02501pt
* \textheight=722.7pt
* \oddsidemargin=-36.135pt
* \evensidemargin=-36.135pt
* \topmargin=-73.135pt
* \headheight=12.0pt
* \headsep=25.0pt
* \topskip=11.0pt
* \footskip=30.0pt
* \marginparwidth=59.0pt
* \marginparsep=10.0pt
* \columnsep=10.0pt
* \skip\footins=10.0pt plus 4.0pt minus 2.0pt
* \hoffset=0.0pt
* \voffset=0.0pt
* \mag=1000
* \@twocolumnfalse
* \@twosidefalse
* \@mparswitchfalse
* \@reversemarginfalse
* (1in=72.27pt=25.4mm, 1cm=28.453pt)

LaTeX Font Info:    Font shape `T1/fxl/m/n' will be
(Font)              scaled to size 17.28pt on input line 95.
LaTeX Font Info:    Font shape `T1/fxl/m/n' will be
(Font)              scaled to size 12.0pt on input line 95.
LaTeX Font Info:    Font shape `T1/fxl/bx/n' in size <12> not available
(Font)              Font shape `T1/fxl/b/n' tried instead on input line 95.
LaTeX Font Info:    Font shape `T1/fxl/b/n' will be
(Font)              scaled to size 12.0pt on input line 95.
LaTeX Font Info:    Try loading font information for U+msa on input line 95.
(/usr/local/texlive/2012/texmf-dist/tex/latex/amsfonts/umsa.fd
File: umsa.fd 2009/06/22 v3.00 AMS symbols A
)
LaTeX Font Info:    Try loading font information for U+msb on input line 95.

(/usr/local/texlive/2012/texmf-dist/tex/latex/amsfonts/umsb.fd
File: umsb.fd 2009/06/22 v3.00 AMS symbols B
)
LaTeX Font Info:    Try loading font information for U+lasy on input line 95.

(/usr/local/texlive/2012/texmf-dist/tex/latex/base/ulasy.fd
File: ulasy.fd 1998/08/17 v2.2e LaTeX symbol font definitions
)
LaTeX Font Info:    Font shape `T1/fxl/m/n' will be
(Font)              scaled to size 8.0pt on input line 95.
LaTeX Font Info:    Font shape `T1/fxl/m/n' will be
(Font)              scaled to size 9.0pt on input line 95.
LaTeX Font Info:    Font shape `T1/fxl/m/n' will be
(Font)              scaled to size 6.0pt on input line 95.
LaTeX Font Info:    Font shape `T1/fxl/m/n' will be
(Font)              scaled to size 14.4pt on input line 99.
LaTeX Font Info:    Font shape `T1/fxl/bx/n' in size <14.4> not available
(Font)              Font shape `T1/fxl/b/n' tried instead on input line 99.
LaTeX Font Info:    Font shape `T1/fxl/b/n' will be
(Font)              scaled to size 14.4pt on input line 99.

(./20130419_key.toc
LaTeX Font Info:    Font shape `T1/fxl/bx/n' in size <10.95> not available
(Font)              Font shape `T1/fxl/b/n' tried instead on input line 2.
LaTeX Font Info:    Font shape `T1/fxl/b/n' will be
(Font)              scaled to size 10.95pt on input line 2.
)
\tf@toc=\write5
\openout5 = `20130419_key.toc'.

 [1

{/usr/local/texlive/2012/texmf-var/fonts/map/pdftex/updmap/pdftex.map}]
LaTeX Font Info:    Font shape `T1/fxl/m/sc' will be
(Font)              scaled to size 10.95pt on input line 113.
LaTeX Font Info:    Try loading font information for OMS+fxl on input line 115.

LaTeX Font Info:    No file OMSfxl.fd. on input line 115.


LaTeX Font Warning: Font shape `OMS/fxl/m/n' undefined
(Font)              using `OMS/cmsy/m/n' instead
(Font)              for symbol `textbullet' on input line 115.

[2

] [3

] <q1a_saa2165.pdf, id=121, 505.89pt x 505.89pt>
File: q1a_saa2165.pdf Graphic file (type pdf)
 <use q1a_saa2165.pdf>
Package pdftex.def Info: q1a_saa2165.pdf used on input line 163.
(pdftex.def)             Requested size: 243.90959pt x 243.91284pt.

<q1a_cf2517.pdf, id=122, 505.89pt x 505.89pt>
File: q1a_cf2517.pdf Graphic file (type pdf)
 <use q1a_cf2517.pdf>
Package pdftex.def Info: q1a_cf2517.pdf used on input line 168.
(pdftex.def)             Requested size: 243.90959pt x 243.91284pt.

<q1a_ff2306.pdf, id=123, 505.89pt x 505.89pt>
File: q1a_ff2306.pdf Graphic file (type pdf)
 <use q1a_ff2306.pdf>
Package pdftex.def Info: q1a_ff2306.pdf used on input line 173.
(pdftex.def)             Requested size: 243.90959pt x 243.91284pt.

<q1a_sk2947.pdf, id=124, 505.89pt x 505.89pt>
File: q1a_sk2947.pdf Graphic file (type pdf)
 <use q1a_sk2947.pdf>
Package pdftex.def Info: q1a_sk2947.pdf used on input line 178.
(pdftex.def)             Requested size: 243.90959pt x 243.91284pt.

<q1a_pak2128.pdf, id=125, 505.89pt x 505.89pt>
File: q1a_pak2128.pdf Graphic file (type pdf)
 <use q1a_pak2128.pdf>
Package pdftex.def Info: q1a_pak2128.pdf used on input line 183.
(pdftex.def)             Requested size: 243.90959pt x 243.91284pt.

<q1a_el2666.pdf, id=126, 505.89pt x 505.89pt>
File: q1a_el2666.pdf Graphic file (type pdf)
 <use q1a_el2666.pdf>
Package pdftex.def Info: q1a_el2666.pdf used on input line 188.
(pdftex.def)             Requested size: 243.90959pt x 243.91284pt.


LaTeX Warning: Float too large for page by 11.03853pt on input line 190.

[4 <./q1a_saa2165.pdf> <./q1a_cf2517.pdf> <./q1a_ff2306.pdf> <./q1a_sk2947.pdf>
 <./q1a_pak2128.pdf> <./q1a_el2666.pdf>]
<q1a_apl2136.pdf, id=169, 505.89pt x 505.89pt>
File: q1a_apl2136.pdf Graphic file (type pdf)
 <use q1a_apl2136.pdf>
Package pdftex.def Info: q1a_apl2136.pdf used on input line 198.
(pdftex.def)             Requested size: 243.90959pt x 243.91284pt.

<q1a_rpl2126.pdf, id=170, 505.89pt x 505.89pt>
File: q1a_rpl2126.pdf Graphic file (type pdf)
 <use q1a_rpl2126.pdf>
Package pdftex.def Info: q1a_rpl2126.pdf used on input line 203.
(pdftex.def)             Requested size: 243.90959pt x 243.91284pt.

<q1a_jm3840.pdf, id=171, 505.89pt x 505.89pt>
File: q1a_jm3840.pdf Graphic file (type pdf)
 <use q1a_jm3840.pdf>
Package pdftex.def Info: q1a_jm3840.pdf used on input line 208.
(pdftex.def)             Requested size: 243.90959pt x 243.91284pt.

<q1a_esm2157.pdf, id=172, 505.89pt x 505.89pt>
File: q1a_esm2157.pdf Graphic file (type pdf)
 <use q1a_esm2157.pdf>
Package pdftex.def Info: q1a_esm2157.pdf used on input line 213.
(pdftex.def)             Requested size: 243.90959pt x 243.91284pt.

<q1a_yp2266.pdf, id=173, 505.89pt x 505.89pt>
File: q1a_yp2266.pdf Graphic file (type pdf)
 <use q1a_yp2266.pdf>
Package pdftex.def Info: q1a_yp2266.pdf used on input line 218.
(pdftex.def)             Requested size: 243.90959pt x 243.91284pt.

<q1a_afr2132.pdf, id=174, 505.89pt x 505.89pt>
File: q1a_afr2132.pdf Graphic file (type pdf)
 <use q1a_afr2132.pdf>
Package pdftex.def Info: q1a_afr2132.pdf used on input line 223.
(pdftex.def)             Requested size: 243.90959pt x 243.91284pt.


LaTeX Warning: Float too large for page by 11.03853pt on input line 225.

[5 <./q1a_apl2136.pdf> <./q1a_rpl2126.pdf> <./q1a_jm3840.pdf> <./q1a_esm2157.pd
f> <./q1a_yp2266.pdf> <./q1a_afr2132.pdf>]
<q1a_gs2580.pdf, id=216, 505.89pt x 505.89pt>
File: q1a_gs2580.pdf Graphic file (type pdf)
 <use q1a_gs2580.pdf>
Package pdftex.def Info: q1a_gs2580.pdf used on input line 233.
(pdftex.def)             Requested size: 243.90959pt x 243.91284pt.

<q1a_ks2481.pdf, id=217, 505.89pt x 505.89pt>
File: q1a_ks2481.pdf Graphic file (type pdf)
 <use q1a_ks2481.pdf>
Package pdftex.def Info: q1a_ks2481.pdf used on input line 238.
(pdftex.def)             Requested size: 243.90959pt x 243.91284pt.

<q1a_ms4391.pdf, id=218, 505.89pt x 505.89pt>
File: q1a_ms4391.pdf Graphic file (type pdf)
 <use q1a_ms4391.pdf>
Package pdftex.def Info: q1a_ms4391.pdf used on input line 243.
(pdftex.def)             Requested size: 243.90959pt x 243.91284pt.

<q1a_ads2183.pdf, id=219, 505.89pt x 505.89pt>
File: q1a_ads2183.pdf Graphic file (type pdf)
 <use q1a_ads2183.pdf>
Package pdftex.def Info: q1a_ads2183.pdf used on input line 248.
(pdftex.def)             Requested size: 243.90959pt x 243.91284pt.

<q1a_lt2467.pdf, id=220, 505.89pt x 505.89pt>
File: q1a_lt2467.pdf Graphic file (type pdf)
 <use q1a_lt2467.pdf>
Package pdftex.def Info: q1a_lt2467.pdf used on input line 253.
(pdftex.def)             Requested size: 243.90959pt x 243.91284pt.

<q1a_sw2647.pdf, id=221, 505.89pt x 505.89pt>
File: q1a_sw2647.pdf Graphic file (type pdf)
 <use q1a_sw2647.pdf>
Package pdftex.def Info: q1a_sw2647.pdf used on input line 258.
(pdftex.def)             Requested size: 243.90959pt x 243.91284pt.


LaTeX Warning: Float too large for page by 11.03853pt on input line 260.

[6 <./q1a_gs2580.pdf> <./q1a_ks2481.pdf> <./q1a_ms4391.pdf> <./q1a_ads2183.pdf>
 <./q1a_lt2467.pdf> <./q1a_sw2647.pdf>]
<q1a_apz2002.pdf, id=263, 505.89pt x 505.89pt>
File: q1a_apz2002.pdf Graphic file (type pdf)
 <use q1a_apz2002.pdf>
Package pdftex.def Info: q1a_apz2002.pdf used on input line 268.
(pdftex.def)             Requested size: 243.90959pt x 243.91284pt.
 [7 <./q1a_apz2002.pdf>]
LaTeX Font Info:    Font shape `T1/fxl/m/n' will be
(Font)              scaled to size 10.0pt on input line 293.
 [8





] [9

] [10

] [11

]
LaTeX Font Info:    Try loading font information for T1+cmtt on input line 695.


(/usr/local/texlive/2012/texmf-dist/tex/latex/base/t1cmtt.fd
File: t1cmtt.fd 1999/05/25 v2.5h Standard LaTeX font definitions
)
Underfull \hbox (badness 10000) in paragraph at lines 695--696

 []


Underfull \hbox (badness 10000) in paragraph at lines 697--698

 []


Underfull \hbox (badness 10000) in paragraph at lines 699--700

 []


Underfull \hbox (badness 10000) in paragraph at lines 701--702

 []

[12

]
Underfull \hbox (badness 10000) in paragraph at lines 752--753

 []


Underfull \hbox (badness 10000) in paragraph at lines 754--755

 []


Underfull \hbox (badness 10000) in paragraph at lines 760--761

 []

<q1d_saa2165.pdf, id=325, 505.89pt x 505.89pt>
File: q1d_saa2165.pdf Graphic file (type pdf)
 <use q1d_saa2165.pdf>
Package pdftex.def Info: q1d_saa2165.pdf used on input line 769.
(pdftex.def)             Requested size: 216.80669pt x 216.81056pt.

<q1d_cf2517.pdf, id=326, 505.89pt x 505.89pt>
File: q1d_cf2517.pdf Graphic file (type pdf)
 <use q1d_cf2517.pdf>
Package pdftex.def Info: q1d_cf2517.pdf used on input line 775.
(pdftex.def)             Requested size: 216.80669pt x 216.81056pt.

<q1d_ff2306.pdf, id=327, 505.89pt x 505.89pt>
File: q1d_ff2306.pdf Graphic file (type pdf)
 <use q1d_ff2306.pdf>
Package pdftex.def Info: q1d_ff2306.pdf used on input line 781.
(pdftex.def)             Requested size: 216.80669pt x 216.81056pt.

<q1d_sk2947.pdf, id=328, 505.89pt x 505.89pt>
File: q1d_sk2947.pdf Graphic file (type pdf)
 <use q1d_sk2947.pdf>
Package pdftex.def Info: q1d_sk2947.pdf used on input line 787.
(pdftex.def)             Requested size: 216.80669pt x 216.81056pt.

<q1d_pak2128.pdf, id=329, 505.89pt x 505.89pt>
File: q1d_pak2128.pdf Graphic file (type pdf)
 <use q1d_pak2128.pdf>
Package pdftex.def Info: q1d_pak2128.pdf used on input line 793.
(pdftex.def)             Requested size: 216.80669pt x 216.81056pt.

<q1d_el2666.pdf, id=330, 505.89pt x 505.89pt>
File: q1d_el2666.pdf Graphic file (type pdf)
 <use q1d_el2666.pdf>
Package pdftex.def Info: q1d_el2666.pdf used on input line 799.
(pdftex.def)             Requested size: 216.80669pt x 216.81056pt.
 [13

]
[14 <./q1d_saa2165.pdf> <./q1d_cf2517.pdf> <./q1d_ff2306.pdf> <./q1d_sk2947.pdf
> <./q1d_pak2128.pdf> <./q1d_el2666.pdf>]
<q1d_apl2136.pdf, id=383, 505.89pt x 505.89pt>
File: q1d_apl2136.pdf Graphic file (type pdf)
 <use q1d_apl2136.pdf>
Package pdftex.def Info: q1d_apl2136.pdf used on input line 810.
(pdftex.def)             Requested size: 216.80669pt x 216.81056pt.

<q1d_rpl2126.pdf, id=384, 505.89pt x 505.89pt>
File: q1d_rpl2126.pdf Graphic file (type pdf)
 <use q1d_rpl2126.pdf>
Package pdftex.def Info: q1d_rpl2126.pdf used on input line 816.
(pdftex.def)             Requested size: 216.80669pt x 216.81056pt.

<q1d_jm3840.pdf, id=385, 505.89pt x 505.89pt>
File: q1d_jm3840.pdf Graphic file (type pdf)
 <use q1d_jm3840.pdf>
Package pdftex.def Info: q1d_jm3840.pdf used on input line 822.
(pdftex.def)             Requested size: 216.80669pt x 216.81056pt.

<q1d_esm2157.pdf, id=386, 505.89pt x 505.89pt>
File: q1d_esm2157.pdf Graphic file (type pdf)
 <use q1d_esm2157.pdf>
Package pdftex.def Info: q1d_esm2157.pdf used on input line 828.
(pdftex.def)             Requested size: 216.80669pt x 216.81056pt.

<q1d_yp2266.pdf, id=387, 505.89pt x 505.89pt>
File: q1d_yp2266.pdf Graphic file (type pdf)
 <use q1d_yp2266.pdf>
Package pdftex.def Info: q1d_yp2266.pdf used on input line 834.
(pdftex.def)             Requested size: 216.80669pt x 216.81056pt.

<q1d_afr2132.pdf, id=388, 505.89pt x 505.89pt>
File: q1d_afr2132.pdf Graphic file (type pdf)
 <use q1d_afr2132.pdf>
Package pdftex.def Info: q1d_afr2132.pdf used on input line 840.
(pdftex.def)             Requested size: 216.80669pt x 216.81056pt.
 [15 <./q1d_apl2136.pdf> <./q1d_rpl2126.pdf> <./q1d_jm3840.pdf> <./q1d_esm2157.
pdf> <./q1d_yp2266.pdf> <./q1d_afr2132.pdf>]
<q1d_gs2580.pdf, id=437, 505.89pt x 505.89pt>
File: q1d_gs2580.pdf Graphic file (type pdf)
 <use q1d_gs2580.pdf>
Package pdftex.def Info: q1d_gs2580.pdf used on input line 851.
(pdftex.def)             Requested size: 216.80669pt x 216.81056pt.

<q1d_ks2481.pdf, id=438, 505.89pt x 505.89pt>
File: q1d_ks2481.pdf Graphic file (type pdf)
 <use q1d_ks2481.pdf>
Package pdftex.def Info: q1d_ks2481.pdf used on input line 857.
(pdftex.def)             Requested size: 216.80669pt x 216.81056pt.

<q1d_ms4391.pdf, id=439, 505.89pt x 505.89pt>
File: q1d_ms4391.pdf Graphic file (type pdf)
 <use q1d_ms4391.pdf>
Package pdftex.def Info: q1d_ms4391.pdf used on input line 863.
(pdftex.def)             Requested size: 216.80669pt x 216.81056pt.

<q1d_ads2183.pdf, id=440, 505.89pt x 505.89pt>
File: q1d_ads2183.pdf Graphic file (type pdf)
 <use q1d_ads2183.pdf>
Package pdftex.def Info: q1d_ads2183.pdf used on input line 869.
(pdftex.def)             Requested size: 216.80669pt x 216.81056pt.

<q1d_lt2467.pdf, id=441, 505.89pt x 505.89pt>
File: q1d_lt2467.pdf Graphic file (type pdf)
 <use q1d_lt2467.pdf>
Package pdftex.def Info: q1d_lt2467.pdf used on input line 875.
(pdftex.def)             Requested size: 216.80669pt x 216.81056pt.

<q1d_sw2647.pdf, id=442, 505.89pt x 505.89pt>
File: q1d_sw2647.pdf Graphic file (type pdf)
 <use q1d_sw2647.pdf>
Package pdftex.def Info: q1d_sw2647.pdf used on input line 881.
(pdftex.def)             Requested size: 216.80669pt x 216.81056pt.
 [16 <./q1d_gs2580.pdf> <./q1d_ks2481.pdf> <./q1d_ms4391.pdf> <./q1d_ads2183.pd
f> <./q1d_lt2467.pdf> <./q1d_sw2647.pdf>] <q1d_apz2002.pdf, id=490, 505.89pt x 
505.89pt>
File: q1d_apz2002.pdf Graphic file (type pdf)

<use q1d_apz2002.pdf>
Package pdftex.def Info: q1d_apz2002.pdf used on input line 892.
(pdftex.def)             Requested size: 216.80669pt x 216.81056pt.
 [17 <./q1d_apz2002.pdf>]
Underfull \hbox (badness 10000) in paragraph at lines 912--913

 []


Overfull \hbox (11.30154pt too wide) in paragraph at lines 918--947
 [] 
 []

[18




] [19

]
LaTeX Font Info:    Font shape `T1/fxl/m/it' will be
(Font)              scaled to size 10.95pt on input line 973.

Underfull \hbox (badness 10000) in paragraph at lines 973--974

 []

[20

] [21

]
Overfull \hbox (31.34387pt too wide) in paragraph at lines 1061--1090
 [] 
 []

[22

] [23

]
Underfull \hbox (badness 10000) in paragraph at lines 1151--1152

 []


Underfull \hbox (badness 10000) in paragraph at lines 1153--1154

 []


Underfull \hbox (badness 10000) in paragraph at lines 1155--1156

 []

[24

] [25

] [26

] [27

] [28

] [29

] [30

] [31

] [32

] [33

] [34

] [35

] [36

] [37

] [38

]
[39

] [40

] [41

] <q2g_saa2165.pdf, id=663, 505.89pt x 505.89pt>
File: q2g_saa2165.pdf Graphic file (type pdf)

<use q2g_saa2165.pdf>
Package pdftex.def Info: q2g_saa2165.pdf used on input line 2759.
(pdftex.def)             Requested size: 243.90959pt x 243.91284pt.
 <q2g_cf2517.pdf, id=664, 505.89pt x 505.89pt>
File: q2g_cf2517.pdf Graphic file (type pdf)

<use q2g_cf2517.pdf>
Package pdftex.def Info: q2g_cf2517.pdf used on input line 2764.
(pdftex.def)             Requested size: 243.90959pt x 243.91284pt.
 <q2g_ff2306.pdf, id=665, 505.89pt x 505.89pt>
File: q2g_ff2306.pdf Graphic file (type pdf)

<use q2g_ff2306.pdf>
Package pdftex.def Info: q2g_ff2306.pdf used on input line 2769.
(pdftex.def)             Requested size: 243.90959pt x 243.91284pt.
 <q2g_sk2947.pdf, id=666, 505.89pt x 505.89pt>
File: q2g_sk2947.pdf Graphic file (type pdf)

<use q2g_sk2947.pdf>
Package pdftex.def Info: q2g_sk2947.pdf used on input line 2774.
(pdftex.def)             Requested size: 243.90959pt x 243.91284pt.
 <q2g_pak2128.pdf, id=667, 505.89pt x 505.89pt>
File: q2g_pak2128.pdf Graphic file (type pdf)

<use q2g_pak2128.pdf>
Package pdftex.def Info: q2g_pak2128.pdf used on input line 2779.
(pdftex.def)             Requested size: 243.90959pt x 243.91284pt.
 <q2g_el2666.pdf, id=668, 505.89pt x 505.89pt>
File: q2g_el2666.pdf Graphic file (type pdf)

<use q2g_el2666.pdf>
Package pdftex.def Info: q2g_el2666.pdf used on input line 2784.
(pdftex.def)             Requested size: 243.90959pt x 243.91284pt.


LaTeX Warning: Float too large for page by 11.03853pt on input line 2786.

[42

] [43 <./q2g_saa2165.pdf> <./q2g_cf2517.pdf> <./q2g_ff2306.pdf> <./q2g_sk2947.p
df> <./q2g_pak2128.pdf> <./q2g_el2666.pdf>]
<q2g_apl2136.pdf, id=716, 505.89pt x 505.89pt>
File: q2g_apl2136.pdf Graphic file (type pdf)
 <use q2g_apl2136.pdf>
Package pdftex.def Info: q2g_apl2136.pdf used on input line 2794.
(pdftex.def)             Requested size: 243.90959pt x 243.91284pt.

<q2g_rpl2126.pdf, id=717, 505.89pt x 505.89pt>
File: q2g_rpl2126.pdf Graphic file (type pdf)
 <use q2g_rpl2126.pdf>
Package pdftex.def Info: q2g_rpl2126.pdf used on input line 2799.
(pdftex.def)             Requested size: 243.90959pt x 243.91284pt.

<q2g_jm3840.pdf, id=718, 505.89pt x 505.89pt>
File: q2g_jm3840.pdf Graphic file (type pdf)
 <use q2g_jm3840.pdf>
Package pdftex.def Info: q2g_jm3840.pdf used on input line 2804.
(pdftex.def)             Requested size: 243.90959pt x 243.91284pt.

<q2g_esm2157.pdf, id=719, 505.89pt x 505.89pt>
File: q2g_esm2157.pdf Graphic file (type pdf)
 <use q2g_esm2157.pdf>
Package pdftex.def Info: q2g_esm2157.pdf used on input line 2809.
(pdftex.def)             Requested size: 243.90959pt x 243.91284pt.

<q2g_yp2266.pdf, id=720, 505.89pt x 505.89pt>
File: q2g_yp2266.pdf Graphic file (type pdf)
 <use q2g_yp2266.pdf>
Package pdftex.def Info: q2g_yp2266.pdf used on input line 2814.
(pdftex.def)             Requested size: 243.90959pt x 243.91284pt.

<q2g_afr2132.pdf, id=721, 505.89pt x 505.89pt>
File: q2g_afr2132.pdf Graphic file (type pdf)
 <use q2g_afr2132.pdf>
Package pdftex.def Info: q2g_afr2132.pdf used on input line 2819.
(pdftex.def)             Requested size: 243.90959pt x 243.91284pt.


LaTeX Warning: Float too large for page by 11.03853pt on input line 2821.

[44 <./q2g_apl2136.pdf> <./q2g_rpl2126.pdf> <./q2g_jm3840.pdf> <./q2g_esm2157.p
df> <./q2g_yp2266.pdf> <./q2g_afr2132.pdf>]
<q2g_gs2580.pdf, id=763, 505.89pt x 505.89pt>
File: q2g_gs2580.pdf Graphic file (type pdf)
 <use q2g_gs2580.pdf>
Package pdftex.def Info: q2g_gs2580.pdf used on input line 2829.
(pdftex.def)             Requested size: 243.90959pt x 243.91284pt.

<q2g_ks2481.pdf, id=764, 505.89pt x 505.89pt>
File: q2g_ks2481.pdf Graphic file (type pdf)
 <use q2g_ks2481.pdf>
Package pdftex.def Info: q2g_ks2481.pdf used on input line 2834.
(pdftex.def)             Requested size: 243.90959pt x 243.91284pt.

<q2g_ms4391.pdf, id=765, 505.89pt x 505.89pt>
File: q2g_ms4391.pdf Graphic file (type pdf)
 <use q2g_ms4391.pdf>
Package pdftex.def Info: q2g_ms4391.pdf used on input line 2839.
(pdftex.def)             Requested size: 243.90959pt x 243.91284pt.

<q2g_ads2183.pdf, id=766, 505.89pt x 505.89pt>
File: q2g_ads2183.pdf Graphic file (type pdf)
 <use q2g_ads2183.pdf>
Package pdftex.def Info: q2g_ads2183.pdf used on input line 2844.
(pdftex.def)             Requested size: 243.90959pt x 243.91284pt.

<q2g_lt2467.pdf, id=767, 505.89pt x 505.89pt>
File: q2g_lt2467.pdf Graphic file (type pdf)
 <use q2g_lt2467.pdf>
Package pdftex.def Info: q2g_lt2467.pdf used on input line 2849.
(pdftex.def)             Requested size: 243.90959pt x 243.91284pt.

<q2g_sw2647.pdf, id=768, 505.89pt x 505.89pt>
File: q2g_sw2647.pdf Graphic file (type pdf)
 <use q2g_sw2647.pdf>
Package pdftex.def Info: q2g_sw2647.pdf used on input line 2854.
(pdftex.def)             Requested size: 243.90959pt x 243.91284pt.


LaTeX Warning: Float too large for page by 11.03853pt on input line 2856.

[45 <./q2g_gs2580.pdf> <./q2g_ks2481.pdf> <./q2g_ms4391.pdf> <./q2g_ads2183.pdf
> <./q2g_lt2467.pdf> <./q2g_sw2647.pdf>]
<q2g_apz2002.pdf, id=811, 505.89pt x 505.89pt>
File: q2g_apz2002.pdf Graphic file (type pdf)
 <use q2g_apz2002.pdf>
Package pdftex.def Info: q2g_apz2002.pdf used on input line 2864.
(pdftex.def)             Requested size: 243.90959pt x 243.91284pt.
Package atveryend Info: Empty hook `BeforeClearDocument' on input line 2871.
 [46 <./q2g_apz2002.pdf>]
Package atveryend Info: Empty hook `AfterLastShipout' on input line 2871.
 (./20130419_key.aux)
Package atveryend Info: Executing hook `AtVeryEndDocument' on input line 2871.
Package atveryend Info: Executing hook `AtEndAfterFileList' on input line 2871.

Package rerunfilecheck Info: File `20130419_key.out' has not changed.
(rerunfilecheck)             Checksum: D89454386D3ACCB4B22623466F75F12F;1223.


LaTeX Font Warning: Some font shapes were not available, defaults substituted.

Package atveryend Info: Empty hook `AtVeryVeryEnd' on input line 2871.
 ) 
Here is how much of TeX's memory you used:
 20488 strings out of 493488
 273587 string characters out of 3141326
 496326 words of memory out of 3000000
 23335 multiletter control sequences out of 15000+200000
 129278 words of font info for 103 fonts, out of 3000000 for 9000
 957 hyphenation exceptions out of 8191
 36i,12n,38p,1336b,470s stack positions out of 5000i,500n,10000p,200000b,50000s
{/usr/local/texlive/2012/texmf-dist/fonts/enc/dvips/base/8r.enc}{/usr/local/t
exlive/2012/texmf-dist/fonts/enc/dvips/cm-super/cm-super-t1.enc}{/usr/local/tex
live/2012/texmf-dist/fonts/enc/dvips/libertine-legacy/xl-8x.enc}</usr/local/tex
live/2012/texmf-dist/fonts/type1/public/amsfonts/cm/cmex10.pfb></usr/local/texl
ive/2012/texmf-dist/fonts/type1/public/amsfonts/cm/cmmi10.pfb></usr/local/texli
ve/2012/texmf-dist/fonts/type1/public/amsfonts/cm/cmmi7.pfb></usr/local/texlive
/2012/texmf-dist/fonts/type1/public/amsfonts/cm/cmmi8.pfb></usr/local/texlive/2
012/texmf-dist/fonts/type1/public/amsfonts/cm/cmmi9.pfb></usr/local/texlive/201
2/texmf-dist/fonts/type1/public/amsfonts/cm/cmr10.pfb></usr/local/texlive/2012/
texmf-dist/fonts/type1/public/amsfonts/cm/cmr7.pfb></usr/local/texlive/2012/tex
mf-dist/fonts/type1/public/amsfonts/cm/cmr8.pfb></usr/local/texlive/2012/texmf-
dist/fonts/type1/public/amsfonts/cm/cmsy10.pfb></usr/local/texlive/2012/texmf-d
ist/fonts/type1/public/amsfonts/cm/cmsy6.pfb></usr/local/texlive/2012/texmf-dis
t/fonts/type1/public/amsfonts/cm/cmsy8.pfb></usr/local/texlive/2012/texmf-dist/
fonts/type1/public/libertine-legacy/fxlb.pfb></usr/local/texlive/2012/texmf-dis
t/fonts/type1/public/libertine-legacy/fxlr.pfb></usr/local/texlive/2012/texmf-d
ist/fonts/type1/public/libertine-legacy/fxlri.pfb></usr/local/texlive/2012/texm
f-dist/fonts/type1/public/amsfonts/symbols/msbm10.pfb></usr/local/texlive/2012/
texmf-dist/fonts/type1/public/cm-super/sftt1095.pfb>
Output written on 20130419_key.pdf (46 pages, 925820 bytes).
PDF statistics:
 916 PDF objects out of 1000 (max. 8388607)
 730 compressed objects within 8 object streams
 156 named destinations out of 1000 (max. 500000)
 438 words of extra memory for PDF output out of 10000 (max. 10000000)

