\BOOKMARK [1][-]{section.1}{FEDAI Page 158 }{}% 1
\BOOKMARK [2][-]{subsection.1.1}{Box 5.4 on FEDAI Page 158 }{section.1}% 2
\BOOKMARK [2][-]{subsection.1.2}{Box 5.4 Stata Version}{section.1}% 3
\BOOKMARK [1][-]{section.2}{FEDAI Page 159}{}% 4
\BOOKMARK [2][-]{subsection.2.1}{Box 5.5 on FEDAI Page 159}{section.2}% 5
\BOOKMARK [2][-]{subsection.2.2}{Box 5.5 Stata Version}{section.2}% 6
\BOOKMARK [1][-]{section.3}{FEDAI Page 160}{}% 7
\BOOKMARK [2][-]{subsection.3.1}{Box 5.6 on FEDAI Page 160}{section.3}% 8
\BOOKMARK [2][-]{subsection.3.2}{Box 5.6: Stata Version}{section.3}% 9
\BOOKMARK [1][-]{section.4}{FEDAI Page 186}{}% 10
\BOOKMARK [2][-]{subsection.4.1}{Box 6.3 on FEDAI Page 186}{section.4}% 11
\BOOKMARK [2][-]{subsection.4.2}{Box 6.3 Stata Version}{section.4}% 12
\BOOKMARK [1][-]{section.5}{FEDAI Page 187}{}% 13
\BOOKMARK [2][-]{subsection.5.1}{Box 6.4 on FEDAI Page 187}{section.5}% 14
\BOOKMARK [2][-]{subsection.5.2}{Box 6.4 Stata Version}{section.5}% 15
\BOOKMARK [1][-]{section.6}{FEDAI Page 188}{}% 16
\BOOKMARK [2][-]{subsection.6.1}{Box 6.5 on FEDAI Page 188}{section.6}% 17
\BOOKMARK [2][-]{subsection.6.2}{Box 6.5 Stata Version}{section.6}% 18
\BOOKMARK [1][-]{section.7}{FEDAI Page 199}{}% 19
\BOOKMARK [2][-]{subsection.7.1}{Box 6.6 on FEDAI Page 199}{section.7}% 20
\BOOKMARK [2][-]{subsection.7.2}{Box 6.6 Stata Version}{section.7}% 21
\BOOKMARK [1][-]{section.8}{FEDAI Page 233}{}% 22
\BOOKMARK [2][-]{subsection.8.1}{Box 7.1 on FEDAI Page 233}{section.8}% 23
\BOOKMARK [2][-]{subsection.8.2}{Box 7.1 Stata Version}{section.8}% 24
